#
# There is insufficient memory for the Java Runtime Environment to continue.
# Native memory allocation (mmap) failed to map 447741952 bytes for G1 virtual space
# Possible reasons:
#   The system is out of physical RAM or swap space
#   The process is running with CompressedOops enabled, and the Java Heap may be blocking the growth of the native heap
# Possible solutions:
#   Reduce memory load on the system
#   Increase physical memory or swap space
#   Check if swap backing store is full
#   Decrease Java heap size (-Xmx/-Xms)
#   Decrease number of Java threads
#   Decrease Java thread stack sizes (-Xss)
#   Set larger code cache with -XX:ReservedCodeCacheSize=
#   JVM is running with Unscaled Compressed Oops mode in which the Java heap is
#     placed in the first 4GB address space. The Java Heap base address is the
#     maximum limit for the native heap growth. Please use -XX:HeapBaseMinAddress
#     to set the Java Heap base and to place the Java Heap above 4GB virtual address.
# This output file may be truncated or incomplete.
#
#  Out of Memory Error (os_windows.cpp:3548), pid=230812, tid=215888
#
# JRE version: Java(TM) SE Runtime Environment (17.0.12+8) (build 17.0.12+8-LTS-286)
# Java VM: Java HotSpot(TM) 64-Bit Server VM (17.0.12+8-LTS-286, mixed mode, emulated-client, sharing, tiered, compressed oops, compressed class ptrs, g1 gc, windows-amd64)
# No core dump will be written. Minidumps are not enabled by default on client versions of Windows
#

---------------  S U M M A R Y ------------

Command Line: -XX:TieredStopAtLevel=1 -Dspring.output.ansi.enabled=always -Dcom.sun.management.jmxremote -Dspring.jmx.enabled=true -Dspring.liveBeansView.mbeanDomain -Dspring.application.admin.enabled=true -Dmanagement.endpoints.jmx.exposure.include=* -javaagent:C:\Program Files\JetBrains\IntelliJ IDEA 2024.3.1.1\lib\idea_rt.jar=56123:C:\Program Files\JetBrains\IntelliJ IDEA 2024.3.1.1\bin -Dfile.encoding=UTF-8 com.example.AsmGD1.AsmGd1Application

Host: AMD Ryzen 7 6800H with Radeon Graphics         , 16 cores, 7G,  Windows 11 , 64 bit Build 26100 (10.0.26100.4202)
Time: Tue Jun 24 18:35:56 2025 SE Asia Standard Time elapsed time: 35.444989 seconds (0d 0h 0m 35s)

---------------  T H R E A D  ---------------

Current thread (0x000002a5ffee5850):  VMThread "VM Thread" [stack: 0x000000d211e00000,0x000000d211f00000] [id=215888]

Stack: [0x000000d211e00000,0x000000d211f00000]
Native frames: (J=compiled Java code, j=interpreted, Vv=VM code, C=native code)
V  [jvm.dll+0x67a04a]
V  [jvm.dll+0x7da4ed]
V  [jvm.dll+0x7dbe33]
V  [jvm.dll+0x7dc4a3]
V  [jvm.dll+0x24508f]
V  [jvm.dll+0x677089]
V  [jvm.dll+0x66bd32]
V  [jvm.dll+0x301fa6]
V  [jvm.dll+0x309546]
V  [jvm.dll+0x359d2e]
V  [jvm.dll+0x359f5f]
V  [jvm.dll+0x2d9078]
V  [jvm.dll+0x2d74ad]
V  [jvm.dll+0x2d6afc]
V  [jvm.dll+0x31a65b]
V  [jvm.dll+0x7e0d9b]
V  [jvm.dll+0x7e1ad4]
V  [jvm.dll+0x7e1fed]
V  [jvm.dll+0x7e23c4]
V  [jvm.dll+0x7e2490]
V  [jvm.dll+0x78abea]
V  [jvm.dll+0x678f35]
C  [ucrtbase.dll+0x37b0]
C  [KERNEL32.DLL+0x2e8d7]
C  [ntdll.dll+0x3c34c]

VM_Operation (0x000000d213cf6bb0): G1CollectForAllocation, mode: safepoint, requested by thread 0x000002a5caca4490


---------------  P R O C E S S  ---------------

Threads class SMR info:
_java_thread_list=0x000002a5cd6ca5f0, length=28, elements={
0x000002a5f032f9b0, 0x000002a5ffede890, 0x000002a5ffedff80, 0x000002a5ffefbc40,
0x000002a5ffefc320, 0x000002a5ffefca00, 0x000002a5ffefeff0, 0x000002a5fff054f0,
0x000002a5fff174b0, 0x000002a5ffecc160, 0x000002a5ca53ed80, 0x000002a5ca53f260,
0x000002a5ca6271f0, 0x000002a5ca718d10, 0x000002a5cab583c0, 0x000002a5caca1c10,
0x000002a5caca3050, 0x000002a5caca4490, 0x000002a5caca0ce0, 0x000002a5caca2630,
0x000002a5caca2b40, 0x000002a5caca3a70, 0x000002a5caca3f80, 0x000002a5cce21a20,
0x000002a5cce205e0, 0x000002a5ccd73890, 0x000002a5cd1824e0, 0x000002a5cd36aba0
}

Java Threads: ( => current thread )
  0x000002a5f032f9b0 JavaThread "main" [_thread_blocked, id=227148, stack(0x000000d211800000,0x000000d211900000)]
  0x000002a5ffede890 JavaThread "Reference Handler" daemon [_thread_blocked, id=214844, stack(0x000000d211f00000,0x000000d212000000)]
  0x000002a5ffedff80 JavaThread "Finalizer" daemon [_thread_blocked, id=229860, stack(0x000000d212000000,0x000000d212100000)]
  0x000002a5ffefbc40 JavaThread "Signal Dispatcher" daemon [_thread_blocked, id=232336, stack(0x000000d212100000,0x000000d212200000)]
  0x000002a5ffefc320 JavaThread "Attach Listener" daemon [_thread_blocked, id=101752, stack(0x000000d212200000,0x000000d212300000)]
  0x000002a5ffefca00 JavaThread "Service Thread" daemon [_thread_blocked, id=221688, stack(0x000000d212300000,0x000000d212400000)]
  0x000002a5ffefeff0 JavaThread "Monitor Deflation Thread" daemon [_thread_blocked, id=231900, stack(0x000000d212400000,0x000000d212500000)]
  0x000002a5fff054f0 JavaThread "C1 CompilerThread0" daemon [_thread_blocked, id=178728, stack(0x000000d212500000,0x000000d212600000)]
  0x000002a5fff174b0 JavaThread "Sweeper thread" daemon [_thread_blocked, id=222636, stack(0x000000d212600000,0x000000d212700000)]
  0x000002a5ffecc160 JavaThread "Common-Cleaner" daemon [_thread_blocked, id=230648, stack(0x000000d212700000,0x000000d212800000)]
  0x000002a5ca53ed80 JavaThread "Monitor Ctrl-Break" daemon [_thread_in_native, id=230356, stack(0x000000d212b00000,0x000000d212c00000)]
  0x000002a5ca53f260 JavaThread "Notification Thread" daemon [_thread_blocked, id=217852, stack(0x000000d212c00000,0x000000d212d00000)]
  0x000002a5ca6271f0 JavaThread "RMI TCP Accept-0" daemon [_thread_in_native, id=224036, stack(0x000000d212d00000,0x000000d212e00000)]
  0x000002a5ca718d10 JavaThread "RMI TCP Connection(1)-192.168.1.106" daemon [_thread_blocked, id=224872, stack(0x000000d212e00000,0x000000d212f00000)]
  0x000002a5cab583c0 JavaThread "RMI Scheduler(0)" daemon [_thread_blocked, id=224348, stack(0x000000d213800000,0x000000d213900000)]
  0x000002a5caca1c10 JavaThread "JMX server connection timeout 28" daemon [_thread_blocked, id=232132, stack(0x000000d213900000,0x000000d213a00000)]
  0x000002a5caca3050 JavaThread "Thread-0" [_thread_blocked, id=231788, stack(0x000000d213b00000,0x000000d213c00000)]
  0x000002a5caca4490 JavaThread "restartedMain" [_thread_blocked, id=138480, stack(0x000000d213c00000,0x000000d213d00000)]
  0x000002a5caca0ce0 JavaThread "RMI TCP Connection(2)-192.168.1.106" daemon [_thread_blocked, id=232324, stack(0x000000d213d00000,0x000000d213e00000)]
  0x000002a5caca2630 JavaThread "Catalina-utility-1" [_thread_blocked, id=228236, stack(0x000000d213e00000,0x000000d213f00000)]
  0x000002a5caca2b40 JavaThread "Catalina-utility-2" [_thread_blocked, id=230776, stack(0x000000d214200000,0x000000d214300000)]
  0x000002a5caca3a70 JavaThread "container-0" [_thread_blocked, id=231388, stack(0x000000d214500000,0x000000d214600000)]
  0x000002a5caca3f80 JavaThread "mysql-cj-abandoned-connection-cleanup" daemon [_thread_blocked, id=225716, stack(0x000000d212a00000,0x000000d212b00000)]
  0x000002a5cce21a20 JavaThread "mssql-jdbc-shared-timer-core-0" daemon [_thread_blocked, id=226916, stack(0x000000d214700000,0x000000d214800000)]
  0x000002a5cce205e0 JavaThread "HikariPool-1 housekeeper" daemon [_thread_blocked, id=231508, stack(0x000000d214800000,0x000000d214900000)]
  0x000002a5ccd73890 JavaThread "C1 CompilerThread1" daemon [_thread_blocked, id=230864, stack(0x000000d212800000,0x000000d212900000)]
  0x000002a5cd1824e0 JavaThread "C1 CompilerThread2" daemon [_thread_blocked, id=220192, stack(0x000000d212900000,0x000000d212a00000)]
  0x000002a5cd36aba0 JavaThread "C1 CompilerThread3" daemon [_thread_blocked, id=231620, stack(0x000000d214b00000,0x000000d214c00000)]

Other Threads:
=>0x000002a5ffee5850 VMThread "VM Thread" [stack: 0x000000d211e00000,0x000000d211f00000] [id=215888]
  0x000002a584b81100 WatcherThread [stack: 0x000000d212f00000,0x000000d213000000] [id=230900]
  0x000002a5f0386530 GCTaskThread "GC Thread#0" [stack: 0x000000d211900000,0x000000d211a00000] [id=232384]
  0x000002a5ca73dca0 GCTaskThread "GC Thread#1" [stack: 0x000000d213000000,0x000000d213100000] [id=227364]
  0x000002a5ca764350 GCTaskThread "GC Thread#2" [stack: 0x000000d213100000,0x000000d213200000] [id=227480]
  0x000002a5ca764610 GCTaskThread "GC Thread#3" [stack: 0x000000d213200000,0x000000d213300000] [id=187636]
  0x000002a5ca7648d0 GCTaskThread "GC Thread#4" [stack: 0x000000d213300000,0x000000d213400000] [id=229864]
  0x000002a5ca764b90 GCTaskThread "GC Thread#5" [stack: 0x000000d213400000,0x000000d213500000] [id=232392]
  0x000002a5ca769270 GCTaskThread "GC Thread#6" [stack: 0x000000d213500000,0x000000d213600000] [id=230832]
  0x000002a5ca769530 GCTaskThread "GC Thread#7" [stack: 0x000000d213600000,0x000000d213700000] [id=223648]
  0x000002a5ca7697f0 GCTaskThread "GC Thread#8" [stack: 0x000000d213700000,0x000000d213800000] [id=227792]
  0x000002a5caea5550 GCTaskThread "GC Thread#9" [stack: 0x000000d213a00000,0x000000d213b00000] [id=225728]
  0x000002a5cb2d5d50 GCTaskThread "GC Thread#10" [stack: 0x000000d213f00000,0x000000d214000000] [id=225948]
  0x000002a5cb2d6420 GCTaskThread "GC Thread#11" [stack: 0x000000d214000000,0x000000d214100000] [id=228836]
  0x000002a5cb2d6cf0 GCTaskThread "GC Thread#12" [stack: 0x000000d214100000,0x000000d214200000] [id=225992]
  0x000002a5f0397160 ConcurrentGCThread "G1 Main Marker" [stack: 0x000000d211a00000,0x000000d211b00000] [id=227444]
  0x000002a5f0399b90 ConcurrentGCThread "G1 Conc#0" [stack: 0x000000d211b00000,0x000000d211c00000] [id=225104]
  0x000002a5cb83ca70 ConcurrentGCThread "G1 Conc#1" [stack: 0x000000d214300000,0x000000d214400000] [id=228152]
  0x000002a5cb844d40 ConcurrentGCThread "G1 Conc#2" [stack: 0x000000d214400000,0x000000d214500000] [id=187800]
  0x000002a5f03de760 ConcurrentGCThread "G1 Refine#0" [stack: 0x000000d211c00000,0x000000d211d00000] [id=224460]
  0x000002a5cd438200 ConcurrentGCThread "G1 Refine#1" [stack: 0x000000d214c00000,0x000000d214d00000] [id=228096]
  0x000002a5cd437060 ConcurrentGCThread "G1 Refine#2" [stack: 0x000000d214d00000,0x000000d214e00000] [id=222388]
  0x000002a5cd436d70 ConcurrentGCThread "G1 Refine#3" [stack: 0x000000d214e00000,0x000000d214f00000] [id=196792]
  0x000002a5cd437350 ConcurrentGCThread "G1 Refine#4" [stack: 0x000000d214f00000,0x000000d215000000] [id=224680]
  0x000002a5cd437640 ConcurrentGCThread "G1 Refine#5" [stack: 0x000000d215000000,0x000000d215100000] [id=231748]
  0x000002a5cd437c20 ConcurrentGCThread "G1 Refine#6" [stack: 0x000000d215100000,0x000000d215200000] [id=231208]
  0x000002a5cd437930 ConcurrentGCThread "G1 Refine#7" [stack: 0x000000d215200000,0x000000d215300000] [id=231824]
  0x000002a5f03deb50 ConcurrentGCThread "G1 Service" [stack: 0x000000d211d00000,0x000000d211e00000] [id=224320]

Threads with active compile tasks:

VM state: at safepoint (normal execution)

VM Mutex/Monitor currently owned by a thread:  ([mutex/lock_event])
[0x000002a5f032c0a0] Threads_lock - owner thread: 0x000002a5ffee5850
[0x000002a5f032c760] Heap_lock - owner thread: 0x000002a5caca4490

Heap address: 0x000000008c000000, size: 1856 MB, Compressed Oops mode: 32-bit

CDS archive(s) mapped at: [0x000002a585000000-0x000002a585bd0000-0x000002a585bd0000), size 12386304, SharedBaseAddress: 0x000002a585000000, ArchiveRelocationMode: 1.
Compressed class space mapped at: 0x000002a586000000-0x000002a5c6000000, reserved size: 1073741824
Narrow klass base: 0x000002a585000000, Narrow klass shift: 0, Narrow klass range: 0x100000000

GC Precious Log:
 CPUs: 16 total, 16 available
 Memory: 7421M
 Large Page Support: Disabled
 NUMA Support: Disabled
 Compressed Oops: Enabled (32-bit)
 Heap Region Size: 1M
 Heap Min Capacity: 8M
 Heap Initial Capacity: 116M
 Heap Max Capacity: 1856M
 Pre-touch: Disabled
 Parallel Workers: 13
 Concurrent Workers: 3
 Concurrent Refinement Workers: 13
 Periodic GC: Disabled

Heap:
 garbage-first heap   total 260096K, used 123904K [0x000000008c000000, 0x0000000100000000)
  region size 1024K, 2 young (2048K), 2 survivors (2048K)
 Metaspace       used 73968K, committed 74688K, reserved 1114112K
  class space    used 10899K, committed 11264K, reserved 1048576K

Heap Regions: E=young(eden), S=young(survivor), O=old, HS=humongous(starts), HC=humongous(continues), CS=collection set, F=free, OA=open archive, CA=closed archive, TAMS=top-at-mark-start (previous, next)
|   0|0x000000008c000000, 0x000000008c100000, 0x000000008c100000|100%|HS|  |TAMS 0x000000008c100000, 0x000000008c000000| Complete 
|   1|0x000000008c100000, 0x000000008c200000, 0x000000008c200000|100%|HS|  |TAMS 0x000000008c200000, 0x000000008c100000| Complete 
|   2|0x000000008c200000, 0x000000008c300000, 0x000000008c300000|100%| O|  |TAMS 0x000000008c300000, 0x000000008c200000| Untracked 
|   3|0x000000008c300000, 0x000000008c400000, 0x000000008c400000|100%| O|  |TAMS 0x000000008c400000, 0x000000008c300000| Untracked 
|   4|0x000000008c400000, 0x000000008c500000, 0x000000008c500000|100%| O|  |TAMS 0x000000008c500000, 0x000000008c400000| Untracked 
|   5|0x000000008c500000, 0x000000008c600000, 0x000000008c600000|100%| O|  |TAMS 0x000000008c600000, 0x000000008c500000| Untracked 
|   6|0x000000008c600000, 0x000000008c700000, 0x000000008c700000|100%| O|  |TAMS 0x000000008c700000, 0x000000008c600000| Untracked 
|   7|0x000000008c700000, 0x000000008c800000, 0x000000008c800000|100%| O|  |TAMS 0x000000008c800000, 0x000000008c700000| Untracked 
|   8|0x000000008c800000, 0x000000008c900000, 0x000000008c900000|100%| O|  |TAMS 0x000000008c900000, 0x000000008c800000| Untracked 
|   9|0x000000008c900000, 0x000000008ca00000, 0x000000008ca00000|100%| O|  |TAMS 0x000000008ca00000, 0x000000008c900000| Untracked 
|  10|0x000000008ca00000, 0x000000008cb00000, 0x000000008cb00000|100%| O|  |TAMS 0x000000008cb00000, 0x000000008ca00000| Untracked 
|  11|0x000000008cb00000, 0x000000008cc00000, 0x000000008cc00000|100%| O|  |TAMS 0x000000008cc00000, 0x000000008cb00000| Untracked 
|  12|0x000000008cc00000, 0x000000008cd00000, 0x000000008cd00000|100%| O|  |TAMS 0x000000008cd00000, 0x000000008cc00000| Untracked 
|  13|0x000000008cd00000, 0x000000008ce00000, 0x000000008ce00000|100%| O|  |TAMS 0x000000008ce00000, 0x000000008cd00000| Untracked 
|  14|0x000000008ce00000, 0x000000008cf00000, 0x000000008cf00000|100%| O|  |TAMS 0x000000008ce00000, 0x000000008ce00000| Untracked 
|  15|0x000000008cf00000, 0x000000008d000000, 0x000000008d000000|100%| O|  |TAMS 0x000000008d000000, 0x000000008cf00000| Untracked 
|  16|0x000000008d000000, 0x000000008d100000, 0x000000008d100000|100%| O|  |TAMS 0x000000008d100000, 0x000000008d000000| Untracked 
|  17|0x000000008d100000, 0x000000008d200000, 0x000000008d200000|100%| O|  |TAMS 0x000000008d200000, 0x000000008d100000| Untracked 
|  18|0x000000008d200000, 0x000000008d300000, 0x000000008d300000|100%| O|  |TAMS 0x000000008d300000, 0x000000008d200000| Untracked 
|  19|0x000000008d300000, 0x000000008d400000, 0x000000008d400000|100%| O|  |TAMS 0x000000008d400000, 0x000000008d300000| Untracked 
|  20|0x000000008d400000, 0x000000008d500000, 0x000000008d500000|100%| O|  |TAMS 0x000000008d500000, 0x000000008d400000| Untracked 
|  21|0x000000008d500000, 0x000000008d600000, 0x000000008d600000|100%| O|  |TAMS 0x000000008d600000, 0x000000008d500000| Untracked 
|  22|0x000000008d600000, 0x000000008d700000, 0x000000008d700000|100%|HS|  |TAMS 0x000000008d700000, 0x000000008d600000| Complete 
|  23|0x000000008d700000, 0x000000008d800000, 0x000000008d800000|100%| O|  |TAMS 0x000000008d800000, 0x000000008d700000| Untracked 
|  24|0x000000008d800000, 0x000000008d900000, 0x000000008d900000|100%| O|  |TAMS 0x000000008d900000, 0x000000008d800000| Untracked 
|  25|0x000000008d900000, 0x000000008da00000, 0x000000008da00000|100%| O|  |TAMS 0x000000008da00000, 0x000000008d900000| Untracked 
|  26|0x000000008da00000, 0x000000008db00000, 0x000000008db00000|100%| O|  |TAMS 0x000000008db00000, 0x000000008da00000| Untracked 
|  27|0x000000008db00000, 0x000000008dc00000, 0x000000008dc00000|100%| O|  |TAMS 0x000000008dc00000, 0x000000008db00000| Untracked 
|  28|0x000000008dc00000, 0x000000008dd00000, 0x000000008dd00000|100%| O|  |TAMS 0x000000008dd00000, 0x000000008dc00000| Untracked 
|  29|0x000000008dd00000, 0x000000008de00000, 0x000000008de00000|100%| O|  |TAMS 0x000000008de00000, 0x000000008dd00000| Untracked 
|  30|0x000000008de00000, 0x000000008df00000, 0x000000008df00000|100%| O|  |TAMS 0x000000008df00000, 0x000000008de00000| Untracked 
|  31|0x000000008df00000, 0x000000008e000000, 0x000000008e000000|100%| O|  |TAMS 0x000000008e000000, 0x000000008df00000| Untracked 
|  32|0x000000008e000000, 0x000000008e100000, 0x000000008e100000|100%| O|  |TAMS 0x000000008e100000, 0x000000008e000000| Untracked 
|  33|0x000000008e100000, 0x000000008e200000, 0x000000008e200000|100%| O|  |TAMS 0x000000008e200000, 0x000000008e100000| Untracked 
|  34|0x000000008e200000, 0x000000008e300000, 0x000000008e300000|100%| O|  |TAMS 0x000000008e300000, 0x000000008e200000| Untracked 
|  35|0x000000008e300000, 0x000000008e400000, 0x000000008e400000|100%| O|  |TAMS 0x000000008e400000, 0x000000008e300000| Untracked 
|  36|0x000000008e400000, 0x000000008e500000, 0x000000008e500000|100%| O|  |TAMS 0x000000008e500000, 0x000000008e400000| Untracked 
|  37|0x000000008e500000, 0x000000008e600000, 0x000000008e600000|100%| O|  |TAMS 0x000000008e600000, 0x000000008e500000| Untracked 
|  38|0x000000008e600000, 0x000000008e700000, 0x000000008e700000|100%| O|  |TAMS 0x000000008e700000, 0x000000008e600000| Untracked 
|  39|0x000000008e700000, 0x000000008e800000, 0x000000008e800000|100%| O|  |TAMS 0x000000008e800000, 0x000000008e700000| Untracked 
|  40|0x000000008e800000, 0x000000008e900000, 0x000000008e900000|100%| O|  |TAMS 0x000000008e900000, 0x000000008e800000| Untracked 
|  41|0x000000008e900000, 0x000000008ea00000, 0x000000008ea00000|100%| O|  |TAMS 0x000000008ea00000, 0x000000008e900000| Untracked 
|  42|0x000000008ea00000, 0x000000008eb00000, 0x000000008eb00000|100%| O|  |TAMS 0x000000008eb00000, 0x000000008ea00000| Untracked 
|  43|0x000000008eb00000, 0x000000008ec00000, 0x000000008ec00000|100%| O|  |TAMS 0x000000008ec00000, 0x000000008eb00000| Untracked 
|  44|0x000000008ec00000, 0x000000008ed00000, 0x000000008ed00000|100%| O|  |TAMS 0x000000008ed00000, 0x000000008ec00000| Untracked 
|  45|0x000000008ed00000, 0x000000008ee00000, 0x000000008ee00000|100%| O|  |TAMS 0x000000008ee00000, 0x000000008ed00000| Untracked 
|  46|0x000000008ee00000, 0x000000008ef00000, 0x000000008ef00000|100%| O|  |TAMS 0x000000008ef00000, 0x000000008ee00000| Untracked 
|  47|0x000000008ef00000, 0x000000008ef00000, 0x000000008f000000|  0%| F|  |TAMS 0x000000008ef00000, 0x000000008ef00000| Untracked 
|  48|0x000000008f000000, 0x000000008f000000, 0x000000008f100000|  0%| F|  |TAMS 0x000000008f000000, 0x000000008f000000| Untracked 
|  49|0x000000008f100000, 0x000000008f200000, 0x000000008f200000|100%| O|  |TAMS 0x000000008f100000, 0x000000008f100000| Untracked 
|  50|0x000000008f200000, 0x000000008f300000, 0x000000008f300000|100%| O|  |TAMS 0x000000008f200000, 0x000000008f200000| Untracked 
|  51|0x000000008f300000, 0x000000008f400000, 0x000000008f400000|100%| O|  |TAMS 0x000000008f300000, 0x000000008f300000| Untracked 
|  52|0x000000008f400000, 0x000000008f500000, 0x000000008f500000|100%| O|  |TAMS 0x000000008f400000, 0x000000008f400000| Untracked 
|  53|0x000000008f500000, 0x000000008f600000, 0x000000008f600000|100%| O|  |TAMS 0x000000008f500000, 0x000000008f500000| Untracked 
|  54|0x000000008f600000, 0x000000008f700000, 0x000000008f700000|100%| O|  |TAMS 0x000000008f600000, 0x000000008f600000| Untracked 
|  55|0x000000008f700000, 0x000000008f700000, 0x000000008f800000|  0%| F|  |TAMS 0x000000008f700000, 0x000000008f700000| Untracked 
|  56|0x000000008f800000, 0x000000008f900000, 0x000000008f900000|100%| O|  |TAMS 0x000000008f900000, 0x000000008f800000| Untracked 
|  57|0x000000008f900000, 0x000000008f900000, 0x000000008fa00000|  0%| F|  |TAMS 0x000000008f900000, 0x000000008f900000| Untracked 
|  58|0x000000008fa00000, 0x000000008fa00000, 0x000000008fb00000|  0%| F|  |TAMS 0x000000008fa00000, 0x000000008fa00000| Untracked 
|  59|0x000000008fb00000, 0x000000008fb00000, 0x000000008fc00000|  0%| F|  |TAMS 0x000000008fb00000, 0x000000008fb00000| Untracked 
|  60|0x000000008fc00000, 0x000000008fc00000, 0x000000008fd00000|  0%| F|  |TAMS 0x000000008fc00000, 0x000000008fc00000| Untracked 
|  61|0x000000008fd00000, 0x000000008fe00000, 0x000000008fe00000|100%| O|  |TAMS 0x000000008fd00000, 0x000000008fd00000| Untracked 
|  62|0x000000008fe00000, 0x000000008ff00000, 0x000000008ff00000|100%| O|  |TAMS 0x000000008fe00000, 0x000000008fe00000| Untracked 
|  63|0x000000008ff00000, 0x0000000090000000, 0x0000000090000000|100%| O|  |TAMS 0x000000008ff00000, 0x000000008ff00000| Untracked 
|  64|0x0000000090000000, 0x0000000090100000, 0x0000000090100000|100%| O|  |TAMS 0x0000000090000000, 0x0000000090000000| Untracked 
|  65|0x0000000090100000, 0x0000000090200000, 0x0000000090200000|100%| O|  |TAMS 0x0000000090100000, 0x0000000090100000| Untracked 
|  66|0x0000000090200000, 0x0000000090300000, 0x0000000090300000|100%| O|  |TAMS 0x0000000090200000, 0x0000000090200000| Untracked 
|  67|0x0000000090300000, 0x0000000090400000, 0x0000000090400000|100%| O|  |TAMS 0x0000000090300000, 0x0000000090300000| Untracked 
|  68|0x0000000090400000, 0x0000000090500000, 0x0000000090500000|100%| O|  |TAMS 0x0000000090500000, 0x0000000090400000| Untracked 
|  69|0x0000000090500000, 0x0000000090600000, 0x0000000090600000|100%| O|  |TAMS 0x0000000090600000, 0x0000000090500000| Untracked 
|  70|0x0000000090600000, 0x0000000090700000, 0x0000000090700000|100%| O|  |TAMS 0x0000000090600000, 0x0000000090600000| Untracked 
|  71|0x0000000090700000, 0x0000000090800000, 0x0000000090800000|100%| O|  |TAMS 0x0000000090700000, 0x0000000090700000| Untracked 
|  72|0x0000000090800000, 0x0000000090900000, 0x0000000090900000|100%| O|  |TAMS 0x0000000090800000, 0x0000000090800000| Untracked 
|  73|0x0000000090900000, 0x0000000090a00000, 0x0000000090a00000|100%| O|  |TAMS 0x0000000090900000, 0x0000000090900000| Untracked 
|  74|0x0000000090a00000, 0x0000000090b00000, 0x0000000090b00000|100%| O|  |TAMS 0x0000000090a00000, 0x0000000090a00000| Untracked 
|  75|0x0000000090b00000, 0x0000000090c00000, 0x0000000090c00000|100%| O|  |TAMS 0x0000000090b00000, 0x0000000090b00000| Untracked 
|  76|0x0000000090c00000, 0x0000000090d00000, 0x0000000090d00000|100%| O|  |TAMS 0x0000000090c00000, 0x0000000090c00000| Untracked 
|  77|0x0000000090d00000, 0x0000000090e00000, 0x0000000090e00000|100%| O|  |TAMS 0x0000000090d00000, 0x0000000090d00000| Untracked 
|  78|0x0000000090e00000, 0x0000000090f00000, 0x0000000090f00000|100%| O|  |TAMS 0x0000000090f00000, 0x0000000090e00000| Untracked 
|  79|0x0000000090f00000, 0x0000000091000000, 0x0000000091000000|100%| O|  |TAMS 0x0000000091000000, 0x0000000090f00000| Untracked 
|  80|0x0000000091000000, 0x0000000091100000, 0x0000000091100000|100%| O|  |TAMS 0x0000000091100000, 0x0000000091000000| Untracked 
|  81|0x0000000091100000, 0x0000000091200000, 0x0000000091200000|100%| O|  |TAMS 0x0000000091200000, 0x0000000091100000| Untracked 
|  82|0x0000000091200000, 0x0000000091300000, 0x0000000091300000|100%| O|  |TAMS 0x0000000091300000, 0x0000000091200000| Untracked 
|  83|0x0000000091300000, 0x0000000091400000, 0x0000000091400000|100%| O|  |TAMS 0x0000000091400000, 0x0000000091300000| Untracked 
|  84|0x0000000091400000, 0x0000000091500000, 0x0000000091500000|100%| O|  |TAMS 0x0000000091500000, 0x0000000091400000| Untracked 
|  85|0x0000000091500000, 0x0000000091600000, 0x0000000091600000|100%| O|  |TAMS 0x0000000091600000, 0x0000000091500000| Untracked 
|  86|0x0000000091600000, 0x0000000091700000, 0x0000000091700000|100%| O|  |TAMS 0x0000000091700000, 0x0000000091600000| Untracked 
|  87|0x0000000091700000, 0x0000000091700000, 0x0000000091800000|  0%| F|  |TAMS 0x0000000091700000, 0x0000000091700000| Untracked 
|  88|0x0000000091800000, 0x0000000091900000, 0x0000000091900000|100%| O|  |TAMS 0x0000000091900000, 0x0000000091800000| Untracked 
|  89|0x0000000091900000, 0x0000000091900000, 0x0000000091a00000|  0%| F|  |TAMS 0x0000000091900000, 0x0000000091900000| Untracked 
|  90|0x0000000091a00000, 0x0000000091a00000, 0x0000000091b00000|  0%| F|  |TAMS 0x0000000091a00000, 0x0000000091a00000| Untracked 
|  91|0x0000000091b00000, 0x0000000091c00000, 0x0000000091c00000|100%| O|  |TAMS 0x0000000091c00000, 0x0000000091b00000| Untracked 
|  92|0x0000000091c00000, 0x0000000091c00000, 0x0000000091d00000|  0%| F|  |TAMS 0x0000000091c00000, 0x0000000091c00000| Untracked 
|  93|0x0000000091d00000, 0x0000000091d00000, 0x0000000091e00000|  0%| F|  |TAMS 0x0000000091d00000, 0x0000000091d00000| Untracked 
|  94|0x0000000091e00000, 0x0000000091e00000, 0x0000000091f00000|  0%| F|  |TAMS 0x0000000091e00000, 0x0000000091e00000| Untracked 
|  95|0x0000000091f00000, 0x0000000092000000, 0x0000000092000000|100%| O|  |TAMS 0x0000000091f00000, 0x0000000091f00000| Untracked 
|  96|0x0000000092000000, 0x0000000092100000, 0x0000000092100000|100%| O|  |TAMS 0x0000000092000000, 0x0000000092000000| Untracked 
|  97|0x0000000092100000, 0x0000000092100000, 0x0000000092200000|  0%| F|  |TAMS 0x0000000092100000, 0x0000000092100000| Untracked 
|  98|0x0000000092200000, 0x0000000092200000, 0x0000000092300000|  0%| F|  |TAMS 0x0000000092200000, 0x0000000092200000| Untracked 
|  99|0x0000000092300000, 0x0000000092300000, 0x0000000092400000|  0%| F|  |TAMS 0x0000000092300000, 0x0000000092300000| Untracked 
| 100|0x0000000092400000, 0x0000000092400000, 0x0000000092500000|  0%| F|  |TAMS 0x0000000092400000, 0x0000000092400000| Untracked 
| 101|0x0000000092500000, 0x0000000092600000, 0x0000000092600000|100%| O|  |TAMS 0x0000000092600000, 0x0000000092500000| Untracked 
| 102|0x0000000092600000, 0x0000000092700000, 0x0000000092700000|100%| O|  |TAMS 0x0000000092700000, 0x0000000092600000| Untracked 
| 103|0x0000000092700000, 0x0000000092800000, 0x0000000092800000|100%| O|  |TAMS 0x0000000092800000, 0x0000000092700000| Untracked 
| 104|0x0000000092800000, 0x0000000092900000, 0x0000000092900000|100%| O|  |TAMS 0x0000000092900000, 0x0000000092800000| Untracked 
| 105|0x0000000092900000, 0x0000000092a00000, 0x0000000092a00000|100%| O|  |TAMS 0x0000000092a00000, 0x0000000092900000| Untracked 
| 106|0x0000000092a00000, 0x0000000092b00000, 0x0000000092b00000|100%| O|  |TAMS 0x0000000092b00000, 0x0000000092a00000| Untracked 
| 107|0x0000000092b00000, 0x0000000092c00000, 0x0000000092c00000|100%| O|  |TAMS 0x0000000092c00000, 0x0000000092b00000| Untracked 
| 108|0x0000000092c00000, 0x0000000092d00000, 0x0000000092d00000|100%| O|  |TAMS 0x0000000092d00000, 0x0000000092c00000| Untracked 
| 109|0x0000000092d00000, 0x0000000092e00000, 0x0000000092e00000|100%| O|  |TAMS 0x0000000092e00000, 0x0000000092d00000| Untracked 
| 110|0x0000000092e00000, 0x0000000092f00000, 0x0000000092f00000|100%| O|  |TAMS 0x0000000092f00000, 0x0000000092e00000| Untracked 
| 111|0x0000000092f00000, 0x0000000093000000, 0x0000000093000000|100%| O|  |TAMS 0x0000000093000000, 0x0000000092f00000| Untracked 
| 112|0x0000000093000000, 0x0000000093100000, 0x0000000093100000|100%| O|  |TAMS 0x0000000093100000, 0x0000000093000000| Untracked 
| 113|0x0000000093100000, 0x0000000093200000, 0x0000000093200000|100%| O|  |TAMS 0x0000000093200000, 0x0000000093100000| Untracked 
| 114|0x0000000093200000, 0x0000000093300000, 0x0000000093300000|100%| O|  |TAMS 0x0000000093300000, 0x0000000093200000| Untracked 
| 115|0x0000000093300000, 0x0000000093400000, 0x0000000093400000|100%| O|  |TAMS 0x0000000093400000, 0x0000000093300000| Untracked 
| 116|0x0000000093400000, 0x0000000093500000, 0x0000000093500000|100%| O|  |TAMS 0x0000000093485c00, 0x0000000093400000| Untracked 
| 117|0x0000000093500000, 0x0000000093600000, 0x0000000093600000|100%| O|  |TAMS 0x0000000093500000, 0x0000000093500000| Untracked 
| 118|0x0000000093600000, 0x0000000093700000, 0x0000000093700000|100%| O|  |TAMS 0x0000000093600000, 0x0000000093600000| Untracked 
| 119|0x0000000093700000, 0x0000000093800000, 0x0000000093800000|100%| O|  |TAMS 0x0000000093700000, 0x0000000093700000| Untracked 
| 120|0x0000000093800000, 0x0000000093900000, 0x0000000093900000|100%| O|  |TAMS 0x0000000093800000, 0x0000000093800000| Untracked 
| 121|0x0000000093900000, 0x0000000093a00000, 0x0000000093a00000|100%| O|  |TAMS 0x0000000093900000, 0x0000000093900000| Untracked 
| 122|0x0000000093a00000, 0x0000000093b00000, 0x0000000093b00000|100%| O|  |TAMS 0x0000000093a00000, 0x0000000093a00000| Untracked 
| 123|0x0000000093b00000, 0x0000000093c00000, 0x0000000093c00000|100%| O|  |TAMS 0x0000000093b00000, 0x0000000093b00000| Untracked 
| 124|0x0000000093c00000, 0x0000000093d00000, 0x0000000093d00000|100%| O|  |TAMS 0x0000000093c00000, 0x0000000093c00000| Untracked 
| 125|0x0000000093d00000, 0x0000000093e00000, 0x0000000093e00000|100%| O|  |TAMS 0x0000000093d00000, 0x0000000093d00000| Untracked 
| 126|0x0000000093e00000, 0x0000000093f00000, 0x0000000093f00000|100%| O|  |TAMS 0x0000000093e00000, 0x0000000093e00000| Untracked 
| 127|0x0000000093f00000, 0x0000000094000000, 0x0000000094000000|100%| O|  |TAMS 0x0000000093f00000, 0x0000000093f00000| Untracked 
| 128|0x0000000094000000, 0x0000000094100000, 0x0000000094100000|100%| O|  |TAMS 0x0000000094000000, 0x0000000094000000| Untracked 
| 129|0x0000000094100000, 0x0000000094200000, 0x0000000094200000|100%| O|  |TAMS 0x0000000094100000, 0x0000000094100000| Untracked 
| 130|0x0000000094200000, 0x0000000094300000, 0x0000000094300000|100%| O|  |TAMS 0x0000000094200000, 0x0000000094200000| Untracked 
| 131|0x0000000094300000, 0x0000000094400000, 0x0000000094400000|100%| O|  |TAMS 0x0000000094300000, 0x0000000094300000| Untracked 
| 132|0x0000000094400000, 0x0000000094500000, 0x0000000094500000|100%| O|  |TAMS 0x0000000094400000, 0x0000000094400000| Untracked 
| 133|0x0000000094500000, 0x0000000094600000, 0x0000000094600000|100%| O|  |TAMS 0x0000000094500000, 0x0000000094500000| Untracked 
| 134|0x0000000094600000, 0x0000000094700000, 0x0000000094700000|100%|HS|  |TAMS 0x0000000094600000, 0x0000000094600000| Complete 
| 135|0x0000000094700000, 0x0000000094800000, 0x0000000094800000|100%|HC|  |TAMS 0x0000000094700000, 0x0000000094700000| Complete 
| 136|0x0000000094800000, 0x0000000094800000, 0x0000000094900000|  0%| F|  |TAMS 0x0000000094800000, 0x0000000094800000| Untracked 
| 137|0x0000000094900000, 0x0000000094900000, 0x0000000094a00000|  0%| F|  |TAMS 0x0000000094900000, 0x0000000094900000| Untracked 
| 138|0x0000000094a00000, 0x0000000094a00000, 0x0000000094b00000|  0%| F|  |TAMS 0x0000000094a00000, 0x0000000094a00000| Untracked 
| 139|0x0000000094b00000, 0x0000000094b00000, 0x0000000094c00000|  0%| F|  |TAMS 0x0000000094b00000, 0x0000000094b00000| Untracked 
| 140|0x0000000094c00000, 0x0000000094c00000, 0x0000000094d00000|  0%| F|  |TAMS 0x0000000094c00000, 0x0000000094c00000| Untracked 
| 141|0x0000000094d00000, 0x0000000094d00000, 0x0000000094e00000|  0%| F|  |TAMS 0x0000000094d00000, 0x0000000094d00000| Untracked 
| 142|0x0000000094e00000, 0x0000000094e00000, 0x0000000094f00000|  0%| F|  |TAMS 0x0000000094e00000, 0x0000000094e00000| Untracked 
| 143|0x0000000094f00000, 0x0000000094f00000, 0x0000000095000000|  0%| F|  |TAMS 0x0000000094f00000, 0x0000000094f00000| Untracked 
| 144|0x0000000095000000, 0x0000000095000000, 0x0000000095100000|  0%| F|  |TAMS 0x0000000095000000, 0x0000000095000000| Untracked 
| 145|0x0000000095100000, 0x0000000095100000, 0x0000000095200000|  0%| F|  |TAMS 0x0000000095100000, 0x0000000095100000| Untracked 
| 146|0x0000000095200000, 0x0000000095200000, 0x0000000095300000|  0%| F|  |TAMS 0x0000000095200000, 0x0000000095200000| Untracked 
| 147|0x0000000095300000, 0x0000000095300000, 0x0000000095400000|  0%| F|  |TAMS 0x0000000095300000, 0x0000000095300000| Untracked 
| 148|0x0000000095400000, 0x0000000095400000, 0x0000000095500000|  0%| F|  |TAMS 0x0000000095400000, 0x0000000095400000| Untracked 
| 149|0x0000000095500000, 0x0000000095500000, 0x0000000095600000|  0%| F|  |TAMS 0x0000000095500000, 0x0000000095500000| Untracked 
| 150|0x0000000095600000, 0x0000000095600000, 0x0000000095700000|  0%| F|  |TAMS 0x0000000095600000, 0x0000000095600000| Untracked 
| 151|0x0000000095700000, 0x0000000095700000, 0x0000000095800000|  0%| F|  |TAMS 0x0000000095700000, 0x0000000095700000| Untracked 
| 152|0x0000000095800000, 0x0000000095800000, 0x0000000095900000|  0%| F|  |TAMS 0x0000000095800000, 0x0000000095800000| Untracked 
| 153|0x0000000095900000, 0x0000000095900000, 0x0000000095a00000|  0%| F|  |TAMS 0x0000000095900000, 0x0000000095900000| Untracked 
| 154|0x0000000095a00000, 0x0000000095a00000, 0x0000000095b00000|  0%| F|  |TAMS 0x0000000095a00000, 0x0000000095a00000| Untracked 
| 155|0x0000000095b00000, 0x0000000095b00000, 0x0000000095c00000|  0%| F|  |TAMS 0x0000000095b00000, 0x0000000095b00000| Untracked 
| 156|0x0000000095c00000, 0x0000000095c00000, 0x0000000095d00000|  0%| F|  |TAMS 0x0000000095c00000, 0x0000000095c00000| Untracked 
| 157|0x0000000095d00000, 0x0000000095d00000, 0x0000000095e00000|  0%| F|  |TAMS 0x0000000095d00000, 0x0000000095d00000| Untracked 
| 158|0x0000000095e00000, 0x0000000095e00000, 0x0000000095f00000|  0%| F|  |TAMS 0x0000000095e00000, 0x0000000095e00000| Untracked 
| 159|0x0000000095f00000, 0x0000000095f00000, 0x0000000096000000|  0%| F|  |TAMS 0x0000000095f00000, 0x0000000095f00000| Untracked 
| 160|0x0000000096000000, 0x0000000096000000, 0x0000000096100000|  0%| F|  |TAMS 0x0000000096000000, 0x0000000096000000| Untracked 
| 161|0x0000000096100000, 0x0000000096100000, 0x0000000096200000|  0%| F|  |TAMS 0x0000000096100000, 0x0000000096100000| Untracked 
| 162|0x0000000096200000, 0x0000000096200000, 0x0000000096300000|  0%| F|  |TAMS 0x0000000096200000, 0x0000000096200000| Untracked 
| 163|0x0000000096300000, 0x0000000096300000, 0x0000000096400000|  0%| F|  |TAMS 0x0000000096300000, 0x0000000096300000| Untracked 
| 164|0x0000000096400000, 0x0000000096400000, 0x0000000096500000|  0%| F|  |TAMS 0x0000000096400000, 0x0000000096400000| Untracked 
| 165|0x0000000096500000, 0x0000000096500000, 0x0000000096600000|  0%| F|  |TAMS 0x0000000096500000, 0x0000000096500000| Untracked 
| 166|0x0000000096600000, 0x0000000096600000, 0x0000000096700000|  0%| F|  |TAMS 0x0000000096600000, 0x0000000096600000| Untracked 
| 167|0x0000000096700000, 0x0000000096700000, 0x0000000096800000|  0%| F|  |TAMS 0x0000000096700000, 0x0000000096700000| Untracked 
| 168|0x0000000096800000, 0x0000000096800000, 0x0000000096900000|  0%| F|  |TAMS 0x0000000096800000, 0x0000000096800000| Untracked 
| 169|0x0000000096900000, 0x0000000096900000, 0x0000000096a00000|  0%| F|  |TAMS 0x0000000096900000, 0x0000000096900000| Untracked 
| 170|0x0000000096a00000, 0x0000000096a00000, 0x0000000096b00000|  0%| F|  |TAMS 0x0000000096a00000, 0x0000000096a00000| Untracked 
| 171|0x0000000096b00000, 0x0000000096b00000, 0x0000000096c00000|  0%| F|  |TAMS 0x0000000096b00000, 0x0000000096b00000| Untracked 
| 172|0x0000000096c00000, 0x0000000096c00000, 0x0000000096d00000|  0%| F|  |TAMS 0x0000000096c00000, 0x0000000096c00000| Untracked 
| 173|0x0000000096d00000, 0x0000000096d00000, 0x0000000096e00000|  0%| F|  |TAMS 0x0000000096d00000, 0x0000000096d00000| Untracked 
| 174|0x0000000096e00000, 0x0000000096e00000, 0x0000000096f00000|  0%| F|  |TAMS 0x0000000096e00000, 0x0000000096e00000| Untracked 
| 175|0x0000000096f00000, 0x0000000096f00000, 0x0000000097000000|  0%| F|  |TAMS 0x0000000096f00000, 0x0000000096f00000| Untracked 
| 176|0x0000000097000000, 0x0000000097000000, 0x0000000097100000|  0%| F|  |TAMS 0x0000000097000000, 0x0000000097000000| Untracked 
| 177|0x0000000097100000, 0x0000000097100000, 0x0000000097200000|  0%| F|  |TAMS 0x0000000097100000, 0x0000000097100000| Untracked 
| 178|0x0000000097200000, 0x0000000097200000, 0x0000000097300000|  0%| F|  |TAMS 0x0000000097200000, 0x0000000097200000| Untracked 
| 179|0x0000000097300000, 0x0000000097300000, 0x0000000097400000|  0%| F|  |TAMS 0x0000000097300000, 0x0000000097300000| Untracked 
| 180|0x0000000097400000, 0x0000000097400000, 0x0000000097500000|  0%| F|  |TAMS 0x0000000097400000, 0x0000000097400000| Untracked 
| 181|0x0000000097500000, 0x0000000097500000, 0x0000000097600000|  0%| F|  |TAMS 0x0000000097500000, 0x0000000097500000| Untracked 
| 182|0x0000000097600000, 0x0000000097600000, 0x0000000097700000|  0%| F|  |TAMS 0x0000000097600000, 0x0000000097600000| Untracked 
| 183|0x0000000097700000, 0x0000000097700000, 0x0000000097800000|  0%| F|  |TAMS 0x0000000097700000, 0x0000000097700000| Untracked 
| 184|0x0000000097800000, 0x0000000097800000, 0x0000000097900000|  0%| F|  |TAMS 0x0000000097800000, 0x0000000097800000| Untracked 
| 185|0x0000000097900000, 0x0000000097900000, 0x0000000097a00000|  0%| F|  |TAMS 0x0000000097900000, 0x0000000097900000| Untracked 
| 186|0x0000000097a00000, 0x0000000097a00000, 0x0000000097b00000|  0%| F|  |TAMS 0x0000000097a00000, 0x0000000097a00000| Untracked 
| 187|0x0000000097b00000, 0x0000000097b00000, 0x0000000097c00000|  0%| F|  |TAMS 0x0000000097b00000, 0x0000000097b00000| Untracked 
| 188|0x0000000097c00000, 0x0000000097c00000, 0x0000000097d00000|  0%| F|  |TAMS 0x0000000097c00000, 0x0000000097c00000| Untracked 
| 189|0x0000000097d00000, 0x0000000097d00000, 0x0000000097e00000|  0%| F|  |TAMS 0x0000000097d00000, 0x0000000097d00000| Untracked 
| 190|0x0000000097e00000, 0x0000000097e00000, 0x0000000097f00000|  0%| F|  |TAMS 0x0000000097e00000, 0x0000000097e00000| Untracked 
| 191|0x0000000097f00000, 0x0000000097f00000, 0x0000000098000000|  0%| F|  |TAMS 0x0000000097f00000, 0x0000000097f00000| Untracked 
| 192|0x0000000098000000, 0x0000000098000000, 0x0000000098100000|  0%| F|  |TAMS 0x0000000098000000, 0x0000000098000000| Untracked 
| 193|0x0000000098100000, 0x0000000098100000, 0x0000000098200000|  0%| F|  |TAMS 0x0000000098100000, 0x0000000098100000| Untracked 
| 194|0x0000000098200000, 0x0000000098200000, 0x0000000098300000|  0%| F|  |TAMS 0x0000000098200000, 0x0000000098200000| Untracked 
| 195|0x0000000098300000, 0x0000000098300000, 0x0000000098400000|  0%| F|  |TAMS 0x0000000098300000, 0x0000000098300000| Untracked 
| 196|0x0000000098400000, 0x0000000098400000, 0x0000000098500000|  0%| F|  |TAMS 0x0000000098400000, 0x0000000098400000| Untracked 
| 197|0x0000000098500000, 0x0000000098500000, 0x0000000098600000|  0%| F|  |TAMS 0x0000000098500000, 0x0000000098500000| Untracked 
| 198|0x0000000098600000, 0x0000000098600000, 0x0000000098700000|  0%| F|  |TAMS 0x0000000098600000, 0x0000000098600000| Untracked 
| 199|0x0000000098700000, 0x0000000098700000, 0x0000000098800000|  0%| F|  |TAMS 0x0000000098700000, 0x0000000098700000| Untracked 
| 200|0x0000000098800000, 0x0000000098800000, 0x0000000098900000|  0%| F|  |TAMS 0x0000000098800000, 0x0000000098800000| Untracked 
| 201|0x0000000098900000, 0x0000000098900000, 0x0000000098a00000|  0%| F|  |TAMS 0x0000000098900000, 0x0000000098900000| Untracked 
| 202|0x0000000098a00000, 0x0000000098a00000, 0x0000000098b00000|  0%| F|  |TAMS 0x0000000098a00000, 0x0000000098a00000| Untracked 
| 203|0x0000000098b00000, 0x0000000098b00000, 0x0000000098c00000|  0%| F|  |TAMS 0x0000000098b00000, 0x0000000098b00000| Untracked 
| 204|0x0000000098c00000, 0x0000000098c00000, 0x0000000098d00000|  0%| F|  |TAMS 0x0000000098c00000, 0x0000000098c00000| Untracked 
| 205|0x0000000098d00000, 0x0000000098d00000, 0x0000000098e00000|  0%| F|  |TAMS 0x0000000098d00000, 0x0000000098d00000| Untracked 
| 206|0x0000000098e00000, 0x0000000098e00000, 0x0000000098f00000|  0%| F|  |TAMS 0x0000000098e00000, 0x0000000098e00000| Untracked 
| 207|0x0000000098f00000, 0x0000000098f00000, 0x0000000099000000|  0%| F|  |TAMS 0x0000000098f00000, 0x0000000098f00000| Untracked 
| 208|0x0000000099000000, 0x0000000099000000, 0x0000000099100000|  0%| F|  |TAMS 0x0000000099000000, 0x0000000099000000| Untracked 
| 209|0x0000000099100000, 0x0000000099100000, 0x0000000099200000|  0%| F|  |TAMS 0x0000000099100000, 0x0000000099100000| Untracked 
| 210|0x0000000099200000, 0x0000000099200000, 0x0000000099300000|  0%| F|  |TAMS 0x0000000099200000, 0x0000000099200000| Untracked 
| 211|0x0000000099300000, 0x0000000099300000, 0x0000000099400000|  0%| F|  |TAMS 0x0000000099300000, 0x0000000099300000| Untracked 
| 212|0x0000000099400000, 0x0000000099400000, 0x0000000099500000|  0%| F|  |TAMS 0x0000000099400000, 0x0000000099400000| Untracked 
| 213|0x0000000099500000, 0x0000000099500000, 0x0000000099600000|  0%| F|  |TAMS 0x0000000099500000, 0x0000000099500000| Untracked 
| 214|0x0000000099600000, 0x0000000099600000, 0x0000000099700000|  0%| F|  |TAMS 0x0000000099600000, 0x0000000099600000| Untracked 
| 215|0x0000000099700000, 0x0000000099700000, 0x0000000099800000|  0%| F|  |TAMS 0x0000000099700000, 0x0000000099700000| Untracked 
| 216|0x0000000099800000, 0x0000000099800000, 0x0000000099900000|  0%| F|  |TAMS 0x0000000099800000, 0x0000000099800000| Untracked 
| 217|0x0000000099900000, 0x0000000099900000, 0x0000000099a00000|  0%| F|  |TAMS 0x0000000099900000, 0x0000000099900000| Untracked 
| 218|0x0000000099a00000, 0x0000000099a00000, 0x0000000099b00000|  0%| F|  |TAMS 0x0000000099a00000, 0x0000000099a00000| Untracked 
| 219|0x0000000099b00000, 0x0000000099b00000, 0x0000000099c00000|  0%| F|  |TAMS 0x0000000099b00000, 0x0000000099b00000| Untracked 
| 220|0x0000000099c00000, 0x0000000099d00000, 0x0000000099d00000|100%| S|CS|TAMS 0x0000000099c00000, 0x0000000099c00000| Complete 
| 221|0x0000000099d00000, 0x0000000099e00000, 0x0000000099e00000|100%| S|CS|TAMS 0x0000000099d00000, 0x0000000099d00000| Complete 
| 222|0x0000000099e00000, 0x0000000099e00000, 0x0000000099f00000|  0%| F|  |TAMS 0x0000000099e00000, 0x0000000099e00000| Untracked 
| 223|0x0000000099f00000, 0x0000000099f00000, 0x000000009a000000|  0%| F|  |TAMS 0x0000000099f00000, 0x0000000099f00000| Untracked 
| 224|0x000000009a000000, 0x000000009a000000, 0x000000009a100000|  0%| F|  |TAMS 0x000000009a000000, 0x000000009a000000| Untracked 
| 225|0x000000009a100000, 0x000000009a100000, 0x000000009a200000|  0%| F|  |TAMS 0x000000009a100000, 0x000000009a100000| Untracked 
| 226|0x000000009a200000, 0x000000009a200000, 0x000000009a300000|  0%| F|  |TAMS 0x000000009a200000, 0x000000009a200000| Untracked 
| 227|0x000000009a300000, 0x000000009a300000, 0x000000009a400000|  0%| F|  |TAMS 0x000000009a300000, 0x000000009a300000| Untracked 
| 228|0x000000009a400000, 0x000000009a400000, 0x000000009a500000|  0%| F|  |TAMS 0x000000009a400000, 0x000000009a400000| Untracked 
| 229|0x000000009a500000, 0x000000009a500000, 0x000000009a600000|  0%| F|  |TAMS 0x000000009a500000, 0x000000009a500000| Untracked 
| 230|0x000000009a600000, 0x000000009a600000, 0x000000009a700000|  0%| F|  |TAMS 0x000000009a600000, 0x000000009a600000| Untracked 
| 231|0x000000009a700000, 0x000000009a700000, 0x000000009a800000|  0%| F|  |TAMS 0x000000009a700000, 0x000000009a700000| Untracked 
| 232|0x000000009a800000, 0x000000009a800000, 0x000000009a900000|  0%| F|  |TAMS 0x000000009a800000, 0x000000009a800000| Untracked 
| 233|0x000000009a900000, 0x000000009a900000, 0x000000009aa00000|  0%| F|  |TAMS 0x000000009a900000, 0x000000009a900000| Untracked 
| 234|0x000000009aa00000, 0x000000009aa00000, 0x000000009ab00000|  0%| F|  |TAMS 0x000000009aa00000, 0x000000009aa00000| Untracked 
| 235|0x000000009ab00000, 0x000000009ab00000, 0x000000009ac00000|  0%| F|  |TAMS 0x000000009ab00000, 0x000000009ab00000| Untracked 
| 236|0x000000009ac00000, 0x000000009ac00000, 0x000000009ad00000|  0%| F|  |TAMS 0x000000009ac00000, 0x000000009ac00000| Untracked 
| 237|0x000000009ad00000, 0x000000009ad00000, 0x000000009ae00000|  0%| F|  |TAMS 0x000000009ad00000, 0x000000009ad00000| Untracked 
| 238|0x000000009ae00000, 0x000000009ae00000, 0x000000009af00000|  0%| F|  |TAMS 0x000000009ae00000, 0x000000009ae00000| Untracked 
| 239|0x000000009af00000, 0x000000009af00000, 0x000000009b000000|  0%| F|  |TAMS 0x000000009af00000, 0x000000009af00000| Untracked 
| 240|0x000000009b000000, 0x000000009b000000, 0x000000009b100000|  0%| F|  |TAMS 0x000000009b000000, 0x000000009b000000| Untracked 
| 241|0x000000009b100000, 0x000000009b100000, 0x000000009b200000|  0%| F|  |TAMS 0x000000009b100000, 0x000000009b100000| Untracked 
| 242|0x000000009b200000, 0x000000009b200000, 0x000000009b300000|  0%| F|  |TAMS 0x000000009b200000, 0x000000009b200000| Untracked 
| 243|0x000000009b300000, 0x000000009b300000, 0x000000009b400000|  0%| F|  |TAMS 0x000000009b300000, 0x000000009b300000| Untracked 
| 244|0x000000009b400000, 0x000000009b400000, 0x000000009b500000|  0%| F|  |TAMS 0x000000009b400000, 0x000000009b400000| Untracked 
| 245|0x000000009b500000, 0x000000009b500000, 0x000000009b600000|  0%| F|  |TAMS 0x000000009b500000, 0x000000009b500000| Untracked 
| 246|0x000000009b600000, 0x000000009b600000, 0x000000009b700000|  0%| F|  |TAMS 0x000000009b600000, 0x000000009b600000| Untracked 
| 247|0x000000009b700000, 0x000000009b700000, 0x000000009b800000|  0%| F|  |TAMS 0x000000009b700000, 0x000000009b700000| Untracked 
| 248|0x000000009b800000, 0x000000009b800000, 0x000000009b900000|  0%| F|  |TAMS 0x000000009b800000, 0x000000009b800000| Untracked 
| 249|0x000000009b900000, 0x000000009b900000, 0x000000009ba00000|  0%| F|  |TAMS 0x000000009b900000, 0x000000009b900000| Untracked 
| 250|0x000000009ba00000, 0x000000009ba00000, 0x000000009bb00000|  0%| F|  |TAMS 0x000000009ba00000, 0x000000009ba00000| Untracked 
| 251|0x000000009bb00000, 0x000000009bb00000, 0x000000009bc00000|  0%| F|  |TAMS 0x000000009bb00000, 0x000000009bb00000| Untracked 
| 252|0x000000009bc00000, 0x000000009bc00000, 0x000000009bd00000|  0%| F|  |TAMS 0x000000009bc00000, 0x000000009bc00000| Untracked 
| 253|0x000000009bd00000, 0x000000009bd00000, 0x000000009be00000|  0%| F|  |TAMS 0x000000009bd00000, 0x000000009bd00000| Untracked 

Card table byte_map: [0x000002a5fd610000,0x000002a5fd9b0000] _byte_map_base: 0x000002a5fd1b0000

Marking Bits (Prev, Next): (CMBitMap*) 0x000002a5f0386b50, (CMBitMap*) 0x000002a5f0386b90
 Prev Bits: [0x000002a5fdd50000, 0x000002a5ffa50000)
 Next Bits: [0x000002a580000000, 0x000002a581d00000)

Polling page: 0x000002a5f0080000

Metaspace:

Usage:
  Non-class:     61.59 MB used.
      Class:     10.64 MB used.
       Both:     72.24 MB used.

Virtual space:
  Non-class space:       64.00 MB reserved,      61.94 MB ( 97%) committed,  1 nodes.
      Class space:        1.00 GB reserved,      11.00 MB (  1%) committed,  1 nodes.
             Both:        1.06 GB reserved,      72.94 MB (  7%) committed. 

Chunk freelists:
   Non-Class:  2.07 MB
       Class:  4.98 MB
        Both:  7.06 MB

MaxMetaspaceSize: unlimited
CompressedClassSpaceSize: 1.00 GB
Initial GC threshold: 21.00 MB
Current GC threshold: 121.56 MB
CDS: on
MetaspaceReclaimPolicy: balanced
 - commit_granule_bytes: 65536.
 - commit_granule_words: 8192.
 - virtual_space_node_default_size: 8388608.
 - enlarge_chunks_in_place: 1.
 - new_chunks_are_fully_committed: 0.
 - uncommit_free_chunks: 1.
 - use_allocation_guard: 0.
 - handle_deallocations: 1.


Internal statistics:

num_allocs_failed_limit: 6.
num_arena_births: 1040.
num_arena_deaths: 2.
num_vsnodes_births: 2.
num_vsnodes_deaths: 0.
num_space_committed: 1167.
num_space_uncommitted: 0.
num_chunks_returned_to_freelist: 9.
num_chunks_taken_from_freelist: 3747.
num_chunk_merges: 6.
num_chunk_splits: 2649.
num_chunks_enlarged: 1997.
num_inconsistent_stats: 0.

CodeCache: size=49152Kb used=16275Kb max_used=16275Kb free=32876Kb
 bounds [0x000002a5f95a0000, 0x000002a5fa590000, 0x000002a5fc5a0000]
 total_blobs=9334 nmethods=8619 adapters=638
 compilation: enabled
              stopped_count=0, restarted_count=0
 full_count=0

Compilation events (20 events):
Event: 33.876 Thread 0x000002a5ccd73890 8610   !   1       org.springframework.core.$Proxy7::hashCode (32 bytes)
Event: 33.876 Thread 0x000002a5ccd73890 nmethod 8610 0x000002a5fa580f10 code [0x000002a5fa5810c0, 0x000002a5fa5812d8]
Event: 33.880 Thread 0x000002a5ccd73890 8611   !   1       org.antlr.v4.runtime.atn.LexerATNSimulator::addDFAState (224 bytes)
Event: 33.880 Thread 0x000002a5fff054f0 8612       1       org.antlr.v4.runtime.atn.LexerATNSimulator::addDFAEdge (37 bytes)
Event: 33.880 Thread 0x000002a5fff054f0 nmethod 8612 0x000002a5fa581490 code [0x000002a5fa581640, 0x000002a5fa5817b8]
Event: 33.880 Thread 0x000002a5fff054f0 8613       1       org.antlr.v4.runtime.Parser::enterRecursionRule (48 bytes)
Event: 33.881 Thread 0x000002a5fff054f0 nmethod 8613 0x000002a5fa581890 code [0x000002a5fa581a40, 0x000002a5fa581c68]
Event: 33.881 Thread 0x000002a5fff054f0 8614       1       org.antlr.v4.runtime.Parser::unrollRecursionContexts (94 bytes)
Event: 33.881 Thread 0x000002a5cd36aba0 8615       1       org.antlr.v4.runtime.misc.IntegerStack::pop (11 bytes)
Event: 33.881 Thread 0x000002a5cd1824e0 8616       1       org.antlr.v4.runtime.misc.IntegerList::removeAt (53 bytes)
Event: 33.881 Thread 0x000002a5ccd73890 nmethod 8611 0x000002a5fa581e10 code [0x000002a5fa582040, 0x000002a5fa5828e8]
Event: 33.881 Thread 0x000002a5cd36aba0 nmethod 8615 0x000002a5fa582e10 code [0x000002a5fa582fa0, 0x000002a5fa583088]
Event: 33.881 Thread 0x000002a5cd1824e0 nmethod 8616 0x000002a5fa583110 code [0x000002a5fa5832c0, 0x000002a5fa583558]
Event: 33.882 Thread 0x000002a5fff054f0 nmethod 8614 0x000002a5fa583710 code [0x000002a5fa583900, 0x000002a5fa583e18]
Event: 34.043 Thread 0x000002a5fff054f0 8617       1       org.hibernate.boot.internal.SessionFactoryOptionsBuilder::getDefaultBatchFetchSize (5 bytes)
Event: 34.043 Thread 0x000002a5fff054f0 nmethod 8617 0x000002a5fa584090 code [0x000002a5fa584220, 0x000002a5fa5842f8]
Event: 34.099 Thread 0x000002a5fff054f0 8618       1       java.util.ArrayList::equals (62 bytes)
Event: 34.100 Thread 0x000002a5fff054f0 nmethod 8618 0x000002a5fa584390 code [0x000002a5fa584560, 0x000002a5fa5848c8]
Event: 34.159 Thread 0x000002a5ccd73890 8619       1       com.sun.jmx.remote.util.ClassLogger::debugOn (13 bytes)
Event: 34.159 Thread 0x000002a5ccd73890 nmethod 8619 0x000002a5fa584a10 code [0x000002a5fa584ba0, 0x000002a5fa584ca8]

GC Heap History (20 events):
Event: 33.469 GC heap after
{Heap after GC invocations=25 (full 0):
 garbage-first heap   total 121856K, used 48970K [0x000000008c000000, 0x0000000100000000)
  region size 1024K, 1 young (1024K), 1 survivors (1024K)
 Metaspace       used 73254K, committed 73984K, reserved 1114112K
  class space    used 10773K, committed 11136K, reserved 1048576K
}
Event: 33.541 GC heap before
{Heap before GC invocations=25 (full 0):
 garbage-first heap   total 121856K, used 100170K [0x000000008c000000, 0x0000000100000000)
  region size 1024K, 51 young (52224K), 1 survivors (1024K)
 Metaspace       used 73261K, committed 73984K, reserved 1114112K
  class space    used 10775K, committed 11136K, reserved 1048576K
}
Event: 33.543 GC heap after
{Heap after GC invocations=26 (full 0):
 garbage-first heap   total 121856K, used 52266K [0x000000008c000000, 0x0000000100000000)
  region size 1024K, 4 young (4096K), 4 survivors (4096K)
 Metaspace       used 73261K, committed 73984K, reserved 1114112K
  class space    used 10775K, committed 11136K, reserved 1048576K
}
Event: 33.604 GC heap before
{Heap before GC invocations=26 (full 0):
 garbage-first heap   total 121856K, used 99370K [0x000000008c000000, 0x0000000100000000)
  region size 1024K, 50 young (51200K), 4 survivors (4096K)
 Metaspace       used 73261K, committed 73984K, reserved 1114112K
  class space    used 10775K, committed 11136K, reserved 1048576K
}
Event: 33.606 GC heap after
{Heap after GC invocations=27 (full 0):
 garbage-first heap   total 121856K, used 51126K [0x000000008c000000, 0x0000000100000000)
  region size 1024K, 3 young (3072K), 3 survivors (3072K)
 Metaspace       used 73261K, committed 73984K, reserved 1114112K
  class space    used 10775K, committed 11136K, reserved 1048576K
}
Event: 33.683 GC heap before
{Heap before GC invocations=27 (full 0):
 garbage-first heap   total 121856K, used 100278K [0x000000008c000000, 0x0000000100000000)
  region size 1024K, 51 young (52224K), 3 survivors (3072K)
 Metaspace       used 73262K, committed 73984K, reserved 1114112K
  class space    used 10775K, committed 11136K, reserved 1048576K
}
Event: 33.690 GC heap after
{Heap after GC invocations=28 (full 0):
 garbage-first heap   total 121856K, used 64477K [0x000000008c000000, 0x0000000100000000)
  region size 1024K, 7 young (7168K), 7 survivors (7168K)
 Metaspace       used 73262K, committed 73984K, reserved 1114112K
  class space    used 10775K, committed 11136K, reserved 1048576K
}
Event: 33.805 GC heap before
{Heap before GC invocations=28 (full 0):
 garbage-first heap   total 121856K, used 93149K [0x000000008c000000, 0x0000000100000000)
  region size 1024K, 35 young (35840K), 7 survivors (7168K)
 Metaspace       used 73677K, committed 74432K, reserved 1114112K
  class space    used 10840K, committed 11200K, reserved 1048576K
}
Event: 33.809 GC heap after
{Heap after GC invocations=29 (full 0):
 garbage-first heap   total 260096K, used 66391K [0x000000008c000000, 0x0000000100000000)
  region size 1024K, 2 young (2048K), 2 survivors (2048K)
 Metaspace       used 73677K, committed 74432K, reserved 1114112K
  class space    used 10840K, committed 11200K, reserved 1048576K
}
Event: 34.074 GC heap before
{Heap before GC invocations=30 (full 0):
 garbage-first heap   total 232448K, used 181079K [0x000000008c000000, 0x0000000100000000)
  region size 1024K, 113 young (115712K), 2 survivors (2048K)
 Metaspace       used 73971K, committed 74688K, reserved 1114112K
  class space    used 10900K, committed 11264K, reserved 1048576K
}
Event: 34.088 GC heap after
{Heap after GC invocations=31 (full 0):
 garbage-first heap   total 232448K, used 101234K [0x000000008c000000, 0x0000000100000000)
  region size 1024K, 15 young (15360K), 15 survivors (15360K)
 Metaspace       used 73971K, committed 74688K, reserved 1114112K
  class space    used 10900K, committed 11264K, reserved 1048576K
}
Event: 34.091 GC heap before
{Heap before GC invocations=31 (full 0):
 garbage-first heap   total 232448K, used 102258K [0x000000008c000000, 0x0000000100000000)
  region size 1024K, 16 young (16384K), 15 survivors (15360K)
 Metaspace       used 73971K, committed 74688K, reserved 1114112K
  class space    used 10900K, committed 11264K, reserved 1048576K
}
Event: 34.097 GC heap after
{Heap after GC invocations=32 (full 0):
 garbage-first heap   total 232448K, used 104229K [0x000000008c000000, 0x0000000100000000)
  region size 1024K, 2 young (2048K), 2 survivors (2048K)
 Metaspace       used 73971K, committed 74688K, reserved 1114112K
  class space    used 10900K, committed 11264K, reserved 1048576K
}
Event: 34.178 GC heap before
{Heap before GC invocations=32 (full 0):
 garbage-first heap   total 232448K, used 165669K [0x000000008c000000, 0x0000000100000000)
  region size 1024K, 61 young (62464K), 2 survivors (2048K)
 Metaspace       used 73972K, committed 74688K, reserved 1114112K
  class space    used 10900K, committed 11264K, reserved 1048576K
}
Event: 34.187 GC heap after
{Heap after GC invocations=33 (full 0):
 garbage-first heap   total 232448K, used 127511K [0x000000008c000000, 0x0000000100000000)
  region size 1024K, 8 young (8192K), 8 survivors (8192K)
 Metaspace       used 73972K, committed 74688K, reserved 1114112K
  class space    used 10900K, committed 11264K, reserved 1048576K
}
Event: 34.256 GC heap before
{Heap before GC invocations=33 (full 0):
 garbage-first heap   total 232448K, used 174615K [0x000000008c000000, 0x0000000100000000)
  region size 1024K, 54 young (55296K), 8 survivors (8192K)
 Metaspace       used 73972K, committed 74688K, reserved 1114112K
  class space    used 10900K, committed 11264K, reserved 1048576K
}
Event: 34.265 GC heap after
{Heap after GC invocations=34 (full 0):
 garbage-first heap   total 232448K, used 144088K [0x000000008c000000, 0x0000000100000000)
  region size 1024K, 7 young (7168K), 7 survivors (7168K)
 Metaspace       used 73972K, committed 74688K, reserved 1114112K
  class space    used 10900K, committed 11264K, reserved 1048576K
}
Event: 34.337 GC heap before
{Heap before GC invocations=35 (full 0):
 garbage-first heap   total 232448K, used 157400K [0x000000008c000000, 0x0000000100000000)
  region size 1024K, 42 young (43008K), 7 survivors (7168K)
 Metaspace       used 73968K, committed 74688K, reserved 1114112K
  class space    used 10899K, committed 11264K, reserved 1048576K
}
Event: 34.346 GC heap after
{Heap after GC invocations=36 (full 0):
 garbage-first heap   total 232448K, used 136976K [0x000000008c000000, 0x0000000100000000)
  region size 1024K, 6 young (6144K), 6 survivors (6144K)
 Metaspace       used 73968K, committed 74688K, reserved 1114112K
  class space    used 10899K, committed 11264K, reserved 1048576K
}
Event: 34.353 GC heap before
{Heap before GC invocations=36 (full 0):
 garbage-first heap   total 232448K, used 142096K [0x000000008c000000, 0x0000000100000000)
  region size 1024K, 11 young (11264K), 6 survivors (6144K)
 Metaspace       used 73968K, committed 74688K, reserved 1114112K
  class space    used 10899K, committed 11264K, reserved 1048576K
}

Deoptimization events (2 events):
Event: 21.286 Thread 0x000002a5caca4490 DEOPT PACKING pc=0x000002a5fa08145c sp=0x000000d213cfc210
Event: 21.401 Thread 0x000002a5caca4490 DEOPT UNPACKING pc=0x000002a5f95f2b43 sp=0x000000d213cfb6b0 mode 0

Classes unloaded (1 events):
Event: 34.293 Thread 0x000002a5ffee5850 Unloading class 0x000002a586afc800 'jdk/internal/reflect/GeneratedSerializationConstructorAccessor26'

Classes redefined (0 events):
No events

Internal exceptions (20 events):
Event: 32.988 Thread 0x000002a5caca4490 Exception <a 'java/lang/NoSuchMethodError'{0x00000000904977b0}: 'int java.lang.invoke.DirectMethodHandle$Holder.invokeStatic(java.lang.Object, java.lang.Object, int)'> (0x00000000904977b0) 
thrown [s\open\src\hotspot\share\interpreter\linkResolver.cpp, line 759]
Event: 32.992 Thread 0x000002a5caca4490 Exception <a 'java/lang/IncompatibleClassChangeError'{0x00000000904e3790}: Found class java.lang.Object, but interface was expected> (0x00000000904e3790) 
thrown [s\open\src\hotspot\share\interpreter\linkResolver.cpp, line 826]
Event: 33.012 Thread 0x000002a5caca4490 Exception <a 'java/lang/reflect/InvocationTargetException'{0x00000000903fdde8}> (0x00000000903fdde8) 
thrown [s\open\src\hotspot\share\runtime\reflection.cpp, line 1121]
Event: 33.446 Thread 0x000002a5caca4490 Exception <a 'java/lang/reflect/InvocationTargetException'{0x00000000918f43a8}> (0x00000000918f43a8) 
thrown [s\open\src\hotspot\share\runtime\reflection.cpp, line 1121]
Event: 33.447 Thread 0x000002a5caca4490 Exception <a 'java/lang/reflect/InvocationTargetException'{0x00000000918fe270}> (0x00000000918fe270) 
thrown [s\open\src\hotspot\share\runtime\reflection.cpp, line 1121]
Event: 33.454 Thread 0x000002a5caca4490 Exception <a 'java/lang/NoSuchMethodError'{0x0000000090d6e280}: 'java.lang.Object java.lang.invoke.DirectMethodHandle$Holder.invokeStatic(java.lang.Object, int, java.lang.Object)'> (0x0000000090d6e280) 
thrown [s\open\src\hotspot\share\interpreter\linkResolver.cpp, line 759]
Event: 33.456 Thread 0x000002a5caca4490 Exception <a 'java/lang/reflect/InvocationTargetException'{0x0000000090d9ec00}> (0x0000000090d9ec00) 
thrown [s\open\src\hotspot\share\runtime\reflection.cpp, line 1121]
Event: 33.717 Thread 0x000002a5caca4490 Exception <a 'sun/nio/fs/WindowsException'{0x0000000093090d30}> (0x0000000093090d30) 
thrown [s\open\src\hotspot\share\prims\jni.cpp, line 516]
Event: 33.724 Thread 0x000002a5caca4490 Exception <a 'java/lang/reflect/InvocationTargetException'{0x0000000092f43ed0}> (0x0000000092f43ed0) 
thrown [s\open\src\hotspot\share\runtime\reflection.cpp, line 1121]
Event: 33.743 Thread 0x000002a5caca4490 Exception <a 'java/lang/reflect/InvocationTargetException'{0x00000000928b0808}> (0x00000000928b0808) 
thrown [s\open\src\hotspot\share\runtime\reflection.cpp, line 1121]
Event: 33.766 Thread 0x000002a5caca4490 Exception <a 'java/lang/reflect/InvocationTargetException'{0x00000000921c4808}> (0x00000000921c4808) 
thrown [s\open\src\hotspot\share\runtime\reflection.cpp, line 1121]
Event: 33.773 Thread 0x000002a5caca4490 Exception <a 'java/lang/reflect/InvocationTargetException'{0x00000000920e7ef8}> (0x00000000920e7ef8) 
thrown [s\open\src\hotspot\share\runtime\reflection.cpp, line 1121]
Event: 33.780 Thread 0x000002a5caca4490 Exception <a 'java/lang/reflect/InvocationTargetException'{0x0000000091e03898}> (0x0000000091e03898) 
thrown [s\open\src\hotspot\share\runtime\reflection.cpp, line 1121]
Event: 33.788 Thread 0x000002a5caca4490 Exception <a 'java/lang/reflect/InvocationTargetException'{0x0000000091d23540}> (0x0000000091d23540) 
thrown [s\open\src\hotspot\share\runtime\reflection.cpp, line 1121]
Event: 33.795 Thread 0x000002a5caca4490 Exception <a 'java/lang/reflect/InvocationTargetException'{0x0000000091c40bb8}> (0x0000000091c40bb8) 
thrown [s\open\src\hotspot\share\runtime\reflection.cpp, line 1121]
Event: 33.801 Thread 0x000002a5caca4490 Exception <a 'java/lang/reflect/InvocationTargetException'{0x0000000091b637f0}> (0x0000000091b637f0) 
thrown [s\open\src\hotspot\share\runtime\reflection.cpp, line 1121]
Event: 33.813 Thread 0x000002a5caca4490 Exception <a 'java/lang/reflect/InvocationTargetException'{0x000000009bd7d6a0}> (0x000000009bd7d6a0) 
thrown [s\open\src\hotspot\share\runtime\reflection.cpp, line 1121]
Event: 33.821 Thread 0x000002a5caca4490 Exception <a 'java/lang/reflect/InvocationTargetException'{0x000000009bc9dc48}> (0x000000009bc9dc48) 
thrown [s\open\src\hotspot\share\runtime\reflection.cpp, line 1121]
Event: 33.855 Thread 0x000002a5caca4490 Exception <a 'java/lang/NoSuchMethodError'{0x0000000099f359f8}: 'int java.lang.invoke.DirectMethodHandle$Holder.invokeStaticInit(java.lang.Object, int, java.lang.Object, java.lang.Object, java.lang.Object, java.lang.Object)'> (0x0000000099f359f8) 
thrown [s\open\src\hotspot\share\interpreter\linkResolver.cpp, line 759]
Event: 33.877 Thread 0x000002a5caca4490 Exception <a 'java/lang/reflect/InvocationTargetException'{0x0000000099d980a0}> (0x0000000099d980a0) 
thrown [s\open\src\hotspot\share\runtime\reflection.cpp, line 1121]

VM Operations (20 events):
Event: 33.833 Executing VM operation: G1Concurrent done
Event: 33.843 Executing VM operation: G1Concurrent
Event: 33.843 Executing VM operation: G1Concurrent done
Event: 33.852 Executing VM operation: HandshakeAllThreads
Event: 33.852 Executing VM operation: HandshakeAllThreads done
Event: 34.074 Executing VM operation: G1CollectForAllocation
Event: 34.088 Executing VM operation: G1CollectForAllocation done
Event: 34.091 Executing VM operation: G1CollectForAllocation
Event: 34.097 Executing VM operation: G1CollectForAllocation done
Event: 34.178 Executing VM operation: G1CollectForAllocation
Event: 34.187 Executing VM operation: G1CollectForAllocation done
Event: 34.256 Executing VM operation: G1CollectForAllocation
Event: 34.265 Executing VM operation: G1CollectForAllocation done
Event: 34.293 Executing VM operation: G1Concurrent
Event: 34.301 Executing VM operation: G1Concurrent done
Event: 34.317 Executing VM operation: G1Concurrent
Event: 34.317 Executing VM operation: G1Concurrent done
Event: 34.337 Executing VM operation: G1CollectForAllocation
Event: 34.346 Executing VM operation: G1CollectForAllocation done
Event: 34.353 Executing VM operation: G1CollectForAllocation

Events (20 events):
Event: 33.038 loading class java/util/EmptyStackException done
Event: 33.145 loading class java/io/InvalidClassException
Event: 33.145 loading class java/io/InvalidClassException done
Event: 33.149 loading class java/util/ArrayList$ListItr
Event: 33.149 loading class java/util/ArrayList$ListItr done
Event: 33.173 Thread 0x000002a5cd36aba0 Thread added: 0x000002a5cd36aba0
Event: 33.517 Thread 0x000002a5cce23880 Thread added: 0x000002a5cce23880
Event: 33.520 Thread 0x000002a5cce23880 Thread exited: 0x000002a5cce23880
Event: 33.780 loading class java/lang/invoke/MethodHandleImpl$CountingWrapper$1
Event: 33.781 loading class java/lang/invoke/MethodHandleImpl$CountingWrapper$1 done
Event: 33.828 loading class java/lang/UnknownError
Event: 33.828 loading class java/lang/UnknownError done
Event: 33.868 loading class sun/reflect/ReflectionFactory
Event: 33.868 loading class sun/reflect/ReflectionFactory done
Event: 33.868 loading class sun/reflect/ReflectionFactory$1
Event: 33.868 loading class sun/reflect/ReflectionFactory$1 done
Event: 33.868 loading class java/io/OptionalDataException
Event: 33.869 loading class java/io/OptionalDataException done
Event: 34.021 Thread 0x000002a5cce21000 Thread added: 0x000002a5cce21000
Event: 34.023 Thread 0x000002a5cce21000 Thread exited: 0x000002a5cce21000


Dynamic libraries:
0x00007ff745770000 - 0x00007ff745780000 	C:\Users\ASUS\Downloads\jdk-17.0.12_windows-x64_bin\jdk-17.0.12\bin\java.exe
0x00007ffc9d300000 - 0x00007ffc9d565000 	C:\WINDOWS\SYSTEM32\ntdll.dll
0x00007ffc9c9b0000 - 0x00007ffc9ca79000 	C:\WINDOWS\System32\KERNEL32.DLL
0x00007ffc9a9d0000 - 0x00007ffc9adb8000 	C:\WINDOWS\System32\KERNELBASE.dll
0x00007ffc9a5c0000 - 0x00007ffc9a70b000 	C:\WINDOWS\System32\ucrtbase.dll
0x00007ffc95520000 - 0x00007ffc95539000 	C:\Users\ASUS\Downloads\jdk-17.0.12_windows-x64_bin\jdk-17.0.12\bin\jli.dll
0x00007ffc86520000 - 0x00007ffc8653b000 	C:\Users\ASUS\Downloads\jdk-17.0.12_windows-x64_bin\jdk-17.0.12\bin\VCRUNTIME140.dll
0x00007ffc9c460000 - 0x00007ffc9c513000 	C:\WINDOWS\System32\ADVAPI32.dll
0x00007ffc9b0f0000 - 0x00007ffc9b199000 	C:\WINDOWS\System32\msvcrt.dll
0x00007ffc9b230000 - 0x00007ffc9b2d6000 	C:\WINDOWS\System32\sechost.dll
0x00007ffc9b490000 - 0x00007ffc9b5a5000 	C:\WINDOWS\System32\RPCRT4.dll
0x00007ffc9b5b0000 - 0x00007ffc9b77a000 	C:\WINDOWS\System32\USER32.dll
0x00007ffc83d80000 - 0x00007ffc8401a000 	C:\WINDOWS\WinSxS\amd64_microsoft.windows.common-controls_6595b64144ccf1df_6.0.26100.4202_none_3e0698d4e335f517\COMCTL32.dll
0x00007ffc9a590000 - 0x00007ffc9a5b7000 	C:\WINDOWS\System32\win32u.dll
0x00007ffc9d180000 - 0x00007ffc9d1ab000 	C:\WINDOWS\System32\GDI32.dll
0x00007ffc9a450000 - 0x00007ffc9a587000 	C:\WINDOWS\System32\gdi32full.dll
0x00007ffc9a920000 - 0x00007ffc9a9c3000 	C:\WINDOWS\System32\msvcp_win.dll
0x00007ffc92de0000 - 0x00007ffc92deb000 	C:\WINDOWS\SYSTEM32\VERSION.dll
0x00007ffc9b450000 - 0x00007ffc9b480000 	C:\WINDOWS\System32\IMM32.DLL
0x00007ffc974b0000 - 0x00007ffc974bc000 	C:\Users\ASUS\Downloads\jdk-17.0.12_windows-x64_bin\jdk-17.0.12\bin\vcruntime140_1.dll
0x00007ffc81a80000 - 0x00007ffc81b0e000 	C:\Users\ASUS\Downloads\jdk-17.0.12_windows-x64_bin\jdk-17.0.12\bin\msvcp140.dll
0x00007ffc149f0000 - 0x00007ffc155d0000 	C:\Users\ASUS\Downloads\jdk-17.0.12_windows-x64_bin\jdk-17.0.12\bin\server\jvm.dll
0x00007ffc9bc70000 - 0x00007ffc9bc78000 	C:\WINDOWS\System32\PSAPI.DLL
0x00007ffc8a240000 - 0x00007ffc8a275000 	C:\WINDOWS\SYSTEM32\WINMM.dll
0x00007ffc95320000 - 0x00007ffc9532a000 	C:\WINDOWS\SYSTEM32\WSOCK32.dll
0x00007ffc9c3e0000 - 0x00007ffc9c454000 	C:\WINDOWS\System32\WS2_32.dll
0x00007ffc99210000 - 0x00007ffc9922b000 	C:\WINDOWS\SYSTEM32\kernel.appcore.dll
0x00007ffc95510000 - 0x00007ffc9551a000 	C:\Users\ASUS\Downloads\jdk-17.0.12_windows-x64_bin\jdk-17.0.12\bin\jimage.dll
0x00007ffc893f0000 - 0x00007ffc89631000 	C:\WINDOWS\SYSTEM32\DBGHELP.DLL
0x00007ffc9c520000 - 0x00007ffc9c8a5000 	C:\WINDOWS\System32\combase.dll
0x00007ffc9cc30000 - 0x00007ffc9cd11000 	C:\WINDOWS\System32\OLEAUT32.dll
0x00007ffc85670000 - 0x00007ffc856a9000 	C:\WINDOWS\SYSTEM32\dbgcore.DLL
0x00007ffc9ae80000 - 0x00007ffc9af19000 	C:\WINDOWS\System32\bcryptPrimitives.dll
0x00007ffc866f0000 - 0x00007ffc866fe000 	C:\Users\ASUS\Downloads\jdk-17.0.12_windows-x64_bin\jdk-17.0.12\bin\instrument.dll
0x00007ffc81bd0000 - 0x00007ffc81bf5000 	C:\Users\ASUS\Downloads\jdk-17.0.12_windows-x64_bin\jdk-17.0.12\bin\java.dll
0x00007ffc52ef0000 - 0x00007ffc52fc7000 	C:\Users\ASUS\Downloads\jdk-17.0.12_windows-x64_bin\jdk-17.0.12\bin\jsvml.dll
0x00007ffc9bc90000 - 0x00007ffc9c3d2000 	C:\WINDOWS\System32\SHELL32.dll
0x00007ffc9af20000 - 0x00007ffc9b094000 	C:\WINDOWS\System32\wintypes.dll
0x00007ffc980d0000 - 0x00007ffc98928000 	C:\WINDOWS\SYSTEM32\windows.storage.dll
0x00007ffc9d1c0000 - 0x00007ffc9d2b1000 	C:\WINDOWS\System32\SHCORE.dll
0x00007ffc9cf90000 - 0x00007ffc9cffa000 	C:\WINDOWS\System32\shlwapi.dll
0x00007ffc9a360000 - 0x00007ffc9a38f000 	C:\WINDOWS\SYSTEM32\profapi.dll
0x00007ffc81a60000 - 0x00007ffc81a78000 	C:\Users\ASUS\Downloads\jdk-17.0.12_windows-x64_bin\jdk-17.0.12\bin\zip.dll
0x00007ffc85740000 - 0x00007ffc85759000 	C:\Users\ASUS\Downloads\jdk-17.0.12_windows-x64_bin\jdk-17.0.12\bin\net.dll
0x00007ffc92160000 - 0x00007ffc9227e000 	C:\WINDOWS\SYSTEM32\WINHTTP.dll
0x00007ffc997f0000 - 0x00007ffc9985a000 	C:\WINDOWS\system32\mswsock.dll
0x00007ffc849e0000 - 0x00007ffc849f6000 	C:\Users\ASUS\Downloads\jdk-17.0.12_windows-x64_bin\jdk-17.0.12\bin\nio.dll
0x00007ffc84a40000 - 0x00007ffc84a5a000 	C:\Program Files\JetBrains\IntelliJ IDEA 2024.3.1.1\bin\breakgen64.dll
0x00007ffc98d30000 - 0x00007ffc98e57000 	C:\WINDOWS\SYSTEM32\DNSAPI.dll
0x00007ffc98cf0000 - 0x00007ffc98d23000 	C:\WINDOWS\SYSTEM32\IPHLPAPI.DLL
0x00007ffc9bc80000 - 0x00007ffc9bc8a000 	C:\WINDOWS\System32\NSI.dll
0x00007ffc8f120000 - 0x00007ffc8f12b000 	C:\Windows\System32\rasadhlp.dll
0x00007ffc93c90000 - 0x00007ffc93d16000 	C:\WINDOWS\System32\fwpuclnt.dll
0x00007ffc866e0000 - 0x00007ffc866ea000 	C:\Users\ASUS\Downloads\jdk-17.0.12_windows-x64_bin\jdk-17.0.12\bin\management.dll
0x00007ffc854f0000 - 0x00007ffc854fb000 	C:\Users\ASUS\Downloads\jdk-17.0.12_windows-x64_bin\jdk-17.0.12\bin\management_ext.dll
0x00007ffc99b50000 - 0x00007ffc99b6b000 	C:\WINDOWS\SYSTEM32\CRYPTSP.dll
0x00007ffc99170000 - 0x00007ffc991aa000 	C:\WINDOWS\system32\rsaenh.dll
0x00007ffc998b0000 - 0x00007ffc998db000 	C:\WINDOWS\SYSTEM32\USERENV.dll
0x00007ffc9a330000 - 0x00007ffc9a356000 	C:\WINDOWS\SYSTEM32\bcrypt.dll
0x00007ffc99b70000 - 0x00007ffc99b7c000 	C:\WINDOWS\SYSTEM32\CRYPTBASE.dll
0x00007ffc93820000 - 0x00007ffc9383f000 	C:\WINDOWS\SYSTEM32\dhcpcsvc6.DLL
0x00007ffc93500000 - 0x00007ffc93525000 	C:\WINDOWS\SYSTEM32\dhcpcsvc.DLL
0x00007ffc58da0000 - 0x00007ffc58db8000 	C:\WINDOWS\system32\napinsp.dll
0x00007ffc58d80000 - 0x00007ffc58d92000 	C:\WINDOWS\System32\winrnr.dll
0x00007ffc58d40000 - 0x00007ffc58d70000 	C:\WINDOWS\system32\nlansp_c.dll
0x00007ffc8f090000 - 0x00007ffc8f0b0000 	C:\WINDOWS\system32\wshbth.dll
0x00007ffc92850000 - 0x00007ffc92860000 	C:\Users\ASUS\Downloads\jdk-17.0.12_windows-x64_bin\jdk-17.0.12\bin\verify.dll
0x00007ffc84180000 - 0x00007ffc841ce000 	C:\WINDOWS\SYSTEM32\pdh.dll
0x00007ffc70130000 - 0x00007ffc70142000 	C:\WINDOWS\System32\perfproc.dll
0x00007ffc6f5a0000 - 0x00007ffc6f5b1000 	C:\WINDOWS\System32\perfos.dll
0x00007ffc98950000 - 0x00007ffc98962000 	C:\WINDOWS\SYSTEM32\pfclient.dll
0x00007ffc84e60000 - 0x00007ffc84e6e000 	C:\Users\ASUS\Downloads\jdk-17.0.12_windows-x64_bin\jdk-17.0.12\bin\sunmscapi.dll
0x00007ffc9a710000 - 0x00007ffc9a887000 	C:\WINDOWS\System32\CRYPT32.dll
0x00007ffc99d70000 - 0x00007ffc99da0000 	C:\WINDOWS\SYSTEM32\ncrypt.dll
0x00007ffc99d20000 - 0x00007ffc99d5f000 	C:\WINDOWS\SYSTEM32\NTASN1.dll

dbghelp: loaded successfully - version: 4.0.5 - missing functions: none
symbol engine: initialized successfully - sym options: 0x614 - pdb path: .;C:\Users\ASUS\Downloads\jdk-17.0.12_windows-x64_bin\jdk-17.0.12\bin;C:\WINDOWS\SYSTEM32;C:\WINDOWS\WinSxS\amd64_microsoft.windows.common-controls_6595b64144ccf1df_6.0.26100.4202_none_3e0698d4e335f517;C:\Users\ASUS\Downloads\jdk-17.0.12_windows-x64_bin\jdk-17.0.12\bin\server;C:\Program Files\JetBrains\IntelliJ IDEA 2024.3.1.1\bin

VM Arguments:
jvm_args: -XX:TieredStopAtLevel=1 -Dspring.output.ansi.enabled=always -Dcom.sun.management.jmxremote -Dspring.jmx.enabled=true -Dspring.liveBeansView.mbeanDomain -Dspring.application.admin.enabled=true -Dmanagement.endpoints.jmx.exposure.include=* -javaagent:C:\Program Files\JetBrains\IntelliJ IDEA 2024.3.1.1\lib\idea_rt.jar=56123:C:\Program Files\JetBrains\IntelliJ IDEA 2024.3.1.1\bin -Dfile.encoding=UTF-8 
java_command: com.example.AsmGD1.AsmGd1Application
java_class_path (initial): C:\DATN-1\target\classes;C:\Users\ASUS\.m2\repository\org\springframework\boot\spring-boot-starter-thymeleaf\3.4.2\spring-boot-starter-thymeleaf-3.4.2.jar;C:\Users\ASUS\.m2\repository\org\springframework\boot\spring-boot-starter\3.4.2\spring-boot-starter-3.4.2.jar;C:\Users\ASUS\.m2\repository\org\springframework\boot\spring-boot-starter-logging\3.4.2\spring-boot-starter-logging-3.4.2.jar;C:\Users\ASUS\.m2\repository\ch\qos\logback\logback-classic\1.5.16\logback-classic-1.5.16.jar;C:\Users\ASUS\.m2\repository\ch\qos\logback\logback-core\1.5.16\logback-core-1.5.16.jar;C:\Users\ASUS\.m2\repository\org\apache\logging\log4j\log4j-to-slf4j\2.24.3\log4j-to-slf4j-2.24.3.jar;C:\Users\ASUS\.m2\repository\org\apache\logging\log4j\log4j-api\2.24.3\log4j-api-2.24.3.jar;C:\Users\ASUS\.m2\repository\org\slf4j\jul-to-slf4j\2.0.16\jul-to-slf4j-2.0.16.jar;C:\Users\ASUS\.m2\repository\org\yaml\snakeyaml\2.3\snakeyaml-2.3.jar;C:\Users\ASUS\.m2\repository\org\thymeleaf\thymeleaf-spring6\3.1.3.RELEASE\thymeleaf-spring6-3.1.3.RELEASE.jar;C:\Users\ASUS\.m2\repository\com\cloudinary\cloudinary-http44\1.38.0\cloudinary-http44-1.38.0.jar;C:\Users\ASUS\.m2\repository\com\cloudinary\cloudinary-core\1.38.0\cloudinary-core-1.38.0.jar;C:\Users\ASUS\.m2\repository\org\apache\commons\commons-lang3\3.17.0\commons-lang3-3.17.0.jar;C:\Users\ASUS\.m2\repository\org\apache\httpcomponents\httpclient\4.4\httpclient-4.4.jar;C:\Users\ASUS\.m2\repository\org\apache\httpcomponents\httpcore\4.4.16\httpcore-4.4.16.jar;C:\Users\ASUS\.m2\repository\commons-logging\commons-logging\1.2\commons-logging-1.2.jar;C:\Users\ASUS\.m2\repository\commons-codec\commons-codec\1.17.2\commons-codec-1.17.2.jar;C:\Users\ASUS\.m2\repository\org\apache\httpcomponents\httpmime\4.4\httpmime-4.4.jar;C:\Users\ASUS\.m2\repository\org\springframework\boot\spring-boot-starter-security\2.7.5\spring-boot-starter-security-2.7.5.jar;C:\Users\ASUS\.m2\repository\org\springframework\spring-aop\6.2.2\spring-aop-6.2.2.
Launcher Type: SUN_STANDARD

[Global flags]
     intx CICompilerCount                          = 12                                        {product} {ergonomic}
     uint ConcGCThreads                            = 3                                         {product} {ergonomic}
     uint G1ConcRefinementThreads                  = 13                                        {product} {ergonomic}
   size_t G1HeapRegionSize                         = 1048576                                   {product} {ergonomic}
    uintx GCDrainStackTargetSize                   = 64                                        {product} {ergonomic}
   size_t InitialHeapSize                          = 121634816                                 {product} {ergonomic}
     bool ManagementServer                         = true                                      {product} {command line}
   size_t MarkStackSize                            = 4194304                                   {product} {ergonomic}
   size_t MaxHeapSize                              = 1946157056                                {product} {ergonomic}
   size_t MaxNewSize                               = 1167065088                                {product} {ergonomic}
   size_t MinHeapDeltaBytes                        = 1048576                                   {product} {ergonomic}
   size_t MinHeapSize                              = 8388608                                   {product} {ergonomic}
    uintx NonProfiledCodeHeapSize                  = 0                                      {pd product} {ergonomic}
     bool ProfileInterpreter                       = false                                  {pd product} {command line}
    uintx ProfiledCodeHeapSize                     = 0                                      {pd product} {ergonomic}
   size_t SoftMaxHeapSize                          = 1946157056                             {manageable} {ergonomic}
     intx TieredStopAtLevel                        = 1                                         {product} {command line}
     bool UseCompressedClassPointers               = true                           {product lp64_product} {ergonomic}
     bool UseCompressedOops                        = true                           {product lp64_product} {ergonomic}
     bool UseG1GC                                  = true                                      {product} {ergonomic}
     bool UseLargePagesIndividualAllocation        = false                                  {pd product} {ergonomic}

Logging:
Log output configuration:
 #0: stdout all=warning uptime,level,tags
 #1: stderr all=off uptime,level,tags

Environment Variables:
JAVA_HOME=C:\Users\ASUS\Downloads\jdk-17.0.12_windows-x64_bin\jdk-17.0.12
PATH=C:\ProgramData\Oracle\Java\javapath;C:\Windows\system32;C:\Windows;C:\Windows\System32\Wbem;C:\Windows\System32\WindowsPowerShell\v1.0\;C:\Windows\System32\OpenSSH\;C:\Program Files (x86)\NVIDIA Corporation\PhysX\Common;C:\Program Files\NVIDIA Corporation\NVIDIA NvDLISR;C:\WINDOWS\system32;C:\WINDOWS;C:\WINDOWS\System32\Wbem;C:\WINDOWS\System32\WindowsPowerShell\v1.0\;C:\WINDOWS\System32\OpenSSH\;C:\Program Files (x86)\Microsoft SQL Server\160\Tools\Binn\;C:\Program Files\Microsoft SQL Server\160\Tools\Binn\;C:\Program Files\Microsoft SQL Server\Client SDK\ODBC\170\Tools\Binn\;C:\Program Files\Microsoft SQL Server\160\DTS\Binn\;C:\Program Files (x86)\Microsoft SQL Server\160\DTS\Binn\;C:\Program Files\Azure Data Studio\bin;C:\Program Files\dotnet\;C:\Program Files\nodejs\;C:\Users\ASUS\Downloads\jdk-17.0.12_windows-x64_bin\jdk-17.0.12\bin;C:\Program Files\Cloudflare\Cloudflare WARP\;C:\Program Files\Git\cmd;C:\Users\ASUS\AppData\Local\Microsoft\WindowsApps;;C:\Users\ASUS\AppData\Local\Programs\Microsoft VS Code\bin;C:\Program Files\Azure Data Studio\bin;C:\Users\ASUS\AppData\Roaming\npm;C:\Program Files\JetBrains\IntelliJ IDEA 2024.3.1.1\bin;;C:\Users\ASUS\AppData\Local\Programs\cursor\resources\app\bin
USERNAME=ASUS
OS=Windows_NT
PROCESSOR_IDENTIFIER=AMD64 Family 25 Model 68 Stepping 1, AuthenticAMD



---------------  S Y S T E M  ---------------

OS:
 Windows 11 , 64 bit Build 26100 (10.0.26100.4202)
OS uptime: 4 days 22:16 hours

CPU: total 16 (initial active 16) (16 cores per cpu, 2 threads per core) family 25 model 68 stepping 1 microcode 0xa404101, cx8, cmov, fxsr, ht, mmx, 3dnowpref, sse, sse2, sse3, ssse3, sse4a, sse4.1, sse4.2, popcnt, lzcnt, tsc, tscinvbit, avx, avx2, aes, clmul, bmi1, bmi2, adx, sha, fma, vzeroupper, clflush, clflushopt

Memory: 4k page, system-wide physical 7421M (527M free)
TotalPageFile size 29949M (AvailPageFile size 448M)
current process WorkingSet (physical memory assigned to process): 374M, peak: 374M
current process commit charge ("private bytes"): 494M, peak: 921M

vm_info: Java HotSpot(TM) 64-Bit Server VM (17.0.12+8-LTS-286) for windows-amd64 JRE (17.0.12+8-LTS-286), built on Jun  5 2024 06:46:59 by "mach5one" with MS VC++ 17.6 (VS2022)

END.
